Reading OpenROAD database at '/foss/designs/Workshop_IC_Design_UTP/myBootcampChipV2/runs/RUN_2026-04-20_16-43-30/36-openroad-resizertimingpostcts/tt_um_alu7b.odb'…
Reading library file at '/foss/pdks/sky130A/libs.ref/sky130_fd_sc_hd/lib/sky130_fd_sc_hd__tt_025C_1v80.lib'…
Reading design constraints file at '/usr/local/lib/python3.12/dist-packages/librelane/scripts/base.sdc'…
[INFO] Using clock clk…
[INFO] Setting output delay to: 4
[INFO] Setting input delay to: 4
[INFO] Setting load to: 0.033442
[INFO] Setting clock uncertainty to: 0.25
[INFO] Setting clock transition to: 0.1499999999999999944488848768742172978818416595458984375
[INFO] Setting timing derate to: 5%
[INFO] Setting signal min routing layer to: met1 and clock min routing layer to met1. 
[INFO] Setting signal max routing layer to: met5 and clock max routing layer to met5. 
-congestion_iterations 50 -verbose -allow_congestion
[INFO GRT-0020] Min routing layer: met1
[INFO GRT-0021] Max routing layer: met5
[INFO GRT-0022] Global adjustment: 30%
[INFO GRT-0023] Grid origin: (0, 0)
[INFO GRT-0043] No OR_DEFAULT vias defined.
[INFO GRT-0088] Layer li1     Track-Pitch = 0.4600  line-2-Via Pitch: 0.3400
[INFO GRT-0088] Layer met1    Track-Pitch = 0.3400  line-2-Via Pitch: 0.3400
[INFO GRT-0088] Layer met2    Track-Pitch = 0.4600  line-2-Via Pitch: 0.3500
[INFO GRT-0088] Layer met3    Track-Pitch = 0.6800  line-2-Via Pitch: 0.6150
[INFO GRT-0088] Layer met4    Track-Pitch = 0.9200  line-2-Via Pitch: 1.0400
[INFO GRT-0088] Layer met5    Track-Pitch = 3.4000  line-2-Via Pitch: 3.1100
[INFO GRT-0019] Found 6 clock nets.
[INFO GRT-0001] Minimum degree: 2
[INFO GRT-0002] Maximum degree: 11
[INFO GRT-0003] Macros: 0
[INFO GRT-0043] No OR_DEFAULT vias defined.
[INFO GRT-0004] Blockages: 439

[INFO GRT-0053] Routing resources analysis:
          Routing      Original      Derated      Resource
Layer     Direction    Resources     Resources    Reduction (%)
---------------------------------------------------------------
li1        Vertical            0             0          0.00%
met1       Horizontal       6850          3170          53.72%
met2       Vertical         4723          2991          36.67%
met3       Horizontal       3425          2205          35.62%
met4       Vertical         1906          1014          46.80%
met5       Horizontal        685           330          51.82%
---------------------------------------------------------------

[INFO GRT-0197] Via related to pin nodes: 1196
[INFO GRT-0198] Via related Steiner nodes: 32
[INFO GRT-0199] Via filling finished.
[INFO GRT-0111] Final number of vias: 1475
[INFO GRT-0112] Final usage 3D: 5145

[INFO GRT-0096] Final congestion report:
Layer         Resource        Demand        Usage (%)    Max H / Max V / Total Overflow
---------------------------------------------------------------------------------------
li1                  0             0            0.00%             0 /  0 /  0
met1              3170           406           12.81%             0 /  0 /  0
met2              2991           239            7.99%             0 /  0 /  0
met3              2205            75            3.40%             0 /  0 /  0
met4              1014             0            0.00%             0 /  0 /  0
met5               330             0            0.00%             0 /  0 /  0
---------------------------------------------------------------------------------------
Total             9710           720            7.42%             0 /  0 /  0

[INFO GRT-0018] Total wirelength: 8556 um
[INFO GRT-0014] Routed nets: 223
%OL_CREATE_REPORT antenna.rpt
[INFO GRT-0043] No OR_DEFAULT vias defined.
[INFO ANT-0002] Found 0 net violations.
[INFO ANT-0001] Found 0 pin violations.
%OL_END_REPORT
[INFO] Setting RC values…
Setting global connections for newly added cells…
[INFO] Setting global connections...
Updating metrics…
Cell type report:                       Count       Area
  Fill cell                                68     255.24
  Tap cell                                198     247.74
  Buffer                                    1       5.00
  Clock buffer                              6     138.88
  Timing Repair Buffer                     13      77.57
  Inverter                                  8      30.03
  Clock inverter                            2      35.03
  Sequential cell                          31     829.55
  Multi-Input combinational cell          162    1186.14
  Total                                   489    2805.19
Writing OpenROAD database to '/foss/designs/Workshop_IC_Design_UTP/myBootcampChipV2/runs/RUN_2026-04-20_16-43-30/38-openroad-globalrouting/tt_um_alu7b.odb'…
Writing layout to '/foss/designs/Workshop_IC_Design_UTP/myBootcampChipV2/runs/RUN_2026-04-20_16-43-30/38-openroad-globalrouting/tt_um_alu7b.def'…
