Clock: clk
Sources: clk 
Generated: no
Virtual: yes
Propagated: no
Period: 20.000000

===========================================================================
report_clock_properties
============================================================================
Clock                   Period          Waveform
----------------------------------------------------
clk                  20.000000    0.000000 10.000000

===========================================================================
report_clock_latency
============================================================================
Clock clk
rise -> rise
    min     max
0.000000 0.000000 source latency
0.379792         network latency _316_/CLK
        0.383455 network latency _327_/CLK
---------------
0.379792 0.383455 latency
        0.003663 skew

fall -> fall
    min     max
0.000000 0.000000 source latency
0.348924         network latency _316_/CLK
        0.352359 network latency _327_/CLK
---------------
0.348924 0.352359 latency
        0.003435 skew



===========================================================================
report_clock_min_period
============================================================================
clk period_min = 3.79 fmax = 263.67
