
===========================================================================
report_checks -unconstrained
===========================================================================
======================= nom_tt_025C_1v80 Corner ===================================

Startpoint: rst_n (input port clocked by clk)
Endpoint: _328_ (recovery check against rising-edge clock clk)
Path Group: asynchronous
Path Type: max

Fanout         Cap        Slew       Delay        Time   Description
---------------------------------------------------------------------------------------------
                                  0.000000    0.000000   clock clk (rise edge)
                                  0.000000    0.000000   clock network delay (propagated)
                                  4.000000    4.000000 ^ input external delay
     1    0.002658    0.019125    0.009819    4.009819 ^ rst_n (in)
                                                         rst_n (net)
                      0.019125    0.000000    4.009819 ^ input1/A (sky130_fd_sc_hd__clkbuf_1)
     1    0.002632    0.042224    0.070203    4.080022 ^ input1/X (sky130_fd_sc_hd__clkbuf_1)
                                                         net1 (net)
                      0.042224    0.000077    4.080100 ^ fanout11/A (sky130_fd_sc_hd__buf_2)
     7    0.037526    0.185037    0.207718    4.287817 ^ fanout11/X (sky130_fd_sc_hd__buf_2)
                                                         net11 (net)
                      0.185094    0.000824    4.288641 ^ fanout8/A (sky130_fd_sc_hd__clkbuf_4)
    10    0.055256    0.170038    0.276521    4.565162 ^ fanout8/X (sky130_fd_sc_hd__clkbuf_4)
                                                         net8 (net)
                      0.170166    0.002605    4.567768 ^ _328_/RESET_B (sky130_fd_sc_hd__dfrtp_4)
                                              4.567768   data arrival time

                                 20.000000   20.000000   clock clk (rise edge)
                                  0.000000   20.000000   clock source latency
     1    0.023535    0.111486    0.076961   20.076962 ^ clk (in)
                                                         clk (net)
                      0.111496    0.000000   20.076962 ^ clkbuf_0_clk/A (sky130_fd_sc_hd__clkbuf_16)
     4    0.046899    0.065978    0.171001   20.247963 ^ clkbuf_0_clk/X (sky130_fd_sc_hd__clkbuf_16)
                                                         clknet_0_clk (net)
                      0.065997    0.001066   20.249027 ^ clkbuf_2_0__f_clk/A (sky130_fd_sc_hd__clkbuf_16)
     8    0.030031    0.051073    0.142109   20.391136 ^ clkbuf_2_0__f_clk/X (sky130_fd_sc_hd__clkbuf_16)
                                                         clknet_2_0__leaf_clk (net)
                      0.051075    0.000602   20.391739 ^ _328_/CLK (sky130_fd_sc_hd__dfrtp_4)
                                 -0.250000   20.141739   clock uncertainty
                                  0.000000   20.141739   clock reconvergence pessimism
                                  0.178596   20.320335   library recovery time
                                             20.320335   data required time
---------------------------------------------------------------------------------------------
                                             20.320335   data required time
                                             -4.567768   data arrival time
---------------------------------------------------------------------------------------------
                                             15.752569   slack (MET)


Startpoint: _327_ (rising edge-triggered flip-flop clocked by clk)
Endpoint: uo_out[0] (output port clocked by clk)
Path Group: clk
Path Type: max

Fanout         Cap        Slew       Delay        Time   Description
---------------------------------------------------------------------------------------------
                                  0.000000    0.000000   clock clk (rise edge)
                                  0.000000    0.000000   clock source latency
     1    0.023535    0.111486    0.076961    0.076961 ^ clk (in)
                                                         clk (net)
                      0.111496    0.000000    0.076961 ^ clkbuf_0_clk/A (sky130_fd_sc_hd__clkbuf_16)
     4    0.046899    0.065978    0.171001    0.247962 ^ clkbuf_0_clk/X (sky130_fd_sc_hd__clkbuf_16)
                                                         clknet_0_clk (net)
                      0.066004    0.001201    0.249163 ^ clkbuf_2_1__f_clk/A (sky130_fd_sc_hd__clkbuf_16)
    10    0.031887    0.052660    0.143461    0.392624 ^ clkbuf_2_1__f_clk/X (sky130_fd_sc_hd__clkbuf_16)
                                                         clknet_2_1__leaf_clk (net)
                      0.052664    0.000770    0.393394 ^ _327_/CLK (sky130_fd_sc_hd__dfrtp_4)
     2    0.040286    0.106659    0.536046    0.929440 v _327_/Q (sky130_fd_sc_hd__dfrtp_4)
                                                         uo_out[0] (net)
                      0.106664    0.000851    0.930291 v uo_out[0] (out)
                                              0.930291   data arrival time

                                 20.000000   20.000000   clock clk (rise edge)
                                  0.000000   20.000000   clock network delay (propagated)
                                 -0.250000   19.750002   clock uncertainty
                                  0.000000   19.750002   clock reconvergence pessimism
                                 -4.000000   15.750001   output external delay
                                             15.750001   data required time
---------------------------------------------------------------------------------------------
                                             15.750001   data required time
                                             -0.930291   data arrival time
---------------------------------------------------------------------------------------------
                                             14.819711   slack (MET)




===========================================================================
report_checks --slack_max -0.01
============================================================================
======================= nom_tt_025C_1v80 Corner ===================================

No paths found.


===========================================================================
 report_check_types -max_slew -max_cap -max_fanout -violators
============================================================================
======================= nom_tt_025C_1v80 Corner ===================================



===========================================================================
report_parasitic_annotation -report_unannotated
============================================================================
Found 34 unannotated drivers.
 ena
 ui_in[1]
 ui_in[2]
 ui_in[3]
 ui_in[4]
 ui_in[5]
 ui_in[6]
 ui_in[7]
 uio_in[0]
 uio_in[1]
 uio_in[2]
 uio_in[3]
 uio_in[4]
 uio_in[5]
 uio_in[6]
 uio_in[7]
 clkload0/Y
 clkload1/X
 clkload2/Y
 tt_um_alu7b_12/HI
 tt_um_alu7b_13/HI
 tt_um_alu7b_14/HI
 tt_um_alu7b_15/HI
 tt_um_alu7b_16/HI
 tt_um_alu7b_17/HI
 tt_um_alu7b_18/HI
 tt_um_alu7b_19/HI
 tt_um_alu7b_20/HI
 tt_um_alu7b_21/HI
 tt_um_alu7b_22/HI
 tt_um_alu7b_23/HI
 tt_um_alu7b_24/HI
 tt_um_alu7b_25/HI
 tt_um_alu7b_26/LO
Found 0 partially unannotated drivers.

===========================================================================
max slew violation count 0
max fanout violation count 0
max cap violation count 0
============================================================================

===========================================================================
check_setup -verbose -unconstrained_endpoints -multiple_clock -no_clock -no_input_delay -loops -generated_clocks
===========================================================================
Warning: There are 15 unconstrained endpoints.
  uio_oe[0]
  uio_oe[1]
  uio_oe[2]
  uio_oe[3]
  uio_oe[4]
  uio_oe[5]
  uio_oe[6]
  uio_oe[7]
  uio_out[1]
  uio_out[2]
  uio_out[3]
  uio_out[4]
  uio_out[5]
  uio_out[6]
  uio_out[7]
