Clock: clk
Sources: clk 
Generated: no
Virtual: yes
Propagated: no
Period: 20.000000

===========================================================================
report_clock_properties
============================================================================
Clock                   Period          Waveform
----------------------------------------------------
clk                  20.000000    0.000000 10.000000

===========================================================================
report_clock_latency
============================================================================
Clock clk
rise -> rise
    min     max
0.000000 0.000000 source latency
0.275416         network latency _316_/CLK
        0.279295 network latency _336_/CLK
---------------
0.275416 0.279295 latency
        0.003880 skew

fall -> fall
    min     max
0.000000 0.000000 source latency
0.246640         network latency _316_/CLK
        0.250322 network latency _336_/CLK
---------------
0.246640 0.250322 latency
        0.003682 skew



===========================================================================
report_clock_min_period
============================================================================
clk period_min = 2.46 fmax = 406.72
