
===========================================================================
report_checks -unconstrained
===========================================================================
======================= min_tt_025C_1v80 Corner ===================================

Startpoint: rst_n (input port clocked by clk)
Endpoint: _328_ (recovery check against rising-edge clock clk)
Path Group: asynchronous
Path Type: max

Fanout         Cap        Slew       Delay        Time   Description
---------------------------------------------------------------------------------------------
                                  0.000000    0.000000   clock clk (rise edge)
                                  0.000000    0.000000   clock network delay (propagated)
                                  4.000000    4.000000 ^ input external delay
     1    0.002630    0.019006    0.009701    4.009701 ^ rst_n (in)
                                                         rst_n (net)
                      0.019006    0.000000    4.009701 ^ input1/A (sky130_fd_sc_hd__clkbuf_1)
     1    0.002561    0.041465    0.069595    4.079296 ^ input1/X (sky130_fd_sc_hd__clkbuf_1)
                                                         net1 (net)
                      0.041465    0.000028    4.079324 ^ fanout11/A (sky130_fd_sc_hd__buf_2)
     7    0.035886    0.177629    0.202300    4.281624 ^ fanout11/X (sky130_fd_sc_hd__buf_2)
                                                         net11 (net)
                      0.177629    0.000304    4.281928 ^ fanout8/A (sky130_fd_sc_hd__clkbuf_4)
    10    0.053188    0.164720    0.270676    4.552604 ^ fanout8/X (sky130_fd_sc_hd__clkbuf_4)
                                                         net8 (net)
                      0.164731    0.001531    4.554134 ^ _328_/RESET_B (sky130_fd_sc_hd__dfrtp_4)
                                              4.554134   data arrival time

                                 20.000000   20.000000   clock clk (rise edge)
                                  0.000000   20.000000   clock source latency
     1    0.022206    0.105524    0.072616   20.072617 ^ clk (in)
                                                         clk (net)
                      0.105527    0.000000   20.072617 ^ clkbuf_0_clk/A (sky130_fd_sc_hd__clkbuf_16)
     4    0.045268    0.064537    0.167962   20.240578 ^ clkbuf_0_clk/X (sky130_fd_sc_hd__clkbuf_16)
                                                         clknet_0_clk (net)
                      0.064538    0.000332   20.240910 ^ clkbuf_2_0__f_clk/A (sky130_fd_sc_hd__clkbuf_16)
     8    0.028901    0.050137    0.140858   20.381767 ^ clkbuf_2_0__f_clk/X (sky130_fd_sc_hd__clkbuf_16)
                                                         clknet_2_0__leaf_clk (net)
                      0.050137    0.000250   20.382019 ^ _328_/CLK (sky130_fd_sc_hd__dfrtp_4)
                                 -0.250000   20.132019   clock uncertainty
                                  0.000000   20.132019   clock reconvergence pessimism
                                  0.180058   20.312077   library recovery time
                                             20.312077   data required time
---------------------------------------------------------------------------------------------
                                             20.312077   data required time
                                             -4.554134   data arrival time
---------------------------------------------------------------------------------------------
                                             15.757941   slack (MET)


Startpoint: _327_ (rising edge-triggered flip-flop clocked by clk)
Endpoint: uo_out[0] (output port clocked by clk)
Path Group: clk
Path Type: max

Fanout         Cap        Slew       Delay        Time   Description
---------------------------------------------------------------------------------------------
                                  0.000000    0.000000   clock clk (rise edge)
                                  0.000000    0.000000   clock source latency
     1    0.022206    0.105524    0.072616    0.072616 ^ clk (in)
                                                         clk (net)
                      0.105527    0.000000    0.072616 ^ clkbuf_0_clk/A (sky130_fd_sc_hd__clkbuf_16)
     4    0.045268    0.064537    0.167961    0.240577 ^ clkbuf_0_clk/X (sky130_fd_sc_hd__clkbuf_16)
                                                         clknet_0_clk (net)
                      0.064539    0.000428    0.241005 ^ clkbuf_2_1__f_clk/A (sky130_fd_sc_hd__clkbuf_16)
    10    0.030540    0.051543    0.142058    0.383062 ^ clkbuf_2_1__f_clk/X (sky130_fd_sc_hd__clkbuf_16)
                                                         clknet_2_1__leaf_clk (net)
                      0.051544    0.000392    0.383455 ^ _327_/CLK (sky130_fd_sc_hd__dfrtp_4)
     2    0.039925    0.105852    0.535380    0.918835 v _327_/Q (sky130_fd_sc_hd__dfrtp_4)
                                                         uo_out[0] (net)
                      0.105852    0.000303    0.919137 v uo_out[0] (out)
                                              0.919137   data arrival time

                                 20.000000   20.000000   clock clk (rise edge)
                                  0.000000   20.000000   clock network delay (propagated)
                                 -0.250000   19.750002   clock uncertainty
                                  0.000000   19.750002   clock reconvergence pessimism
                                 -4.000000   15.750001   output external delay
                                             15.750001   data required time
---------------------------------------------------------------------------------------------
                                             15.750001   data required time
                                             -0.919137   data arrival time
---------------------------------------------------------------------------------------------
                                             14.830863   slack (MET)




===========================================================================
report_checks --slack_max -0.01
============================================================================
======================= min_tt_025C_1v80 Corner ===================================

No paths found.


===========================================================================
 report_check_types -max_slew -max_cap -max_fanout -violators
============================================================================
======================= min_tt_025C_1v80 Corner ===================================



===========================================================================
report_parasitic_annotation -report_unannotated
============================================================================
Found 34 unannotated drivers.
 ena
 ui_in[1]
 ui_in[2]
 ui_in[3]
 ui_in[4]
 ui_in[5]
 ui_in[6]
 ui_in[7]
 uio_in[0]
 uio_in[1]
 uio_in[2]
 uio_in[3]
 uio_in[4]
 uio_in[5]
 uio_in[6]
 uio_in[7]
 clkload0/Y
 clkload1/X
 clkload2/Y
 tt_um_alu7b_12/HI
 tt_um_alu7b_13/HI
 tt_um_alu7b_14/HI
 tt_um_alu7b_15/HI
 tt_um_alu7b_16/HI
 tt_um_alu7b_17/HI
 tt_um_alu7b_18/HI
 tt_um_alu7b_19/HI
 tt_um_alu7b_20/HI
 tt_um_alu7b_21/HI
 tt_um_alu7b_22/HI
 tt_um_alu7b_23/HI
 tt_um_alu7b_24/HI
 tt_um_alu7b_25/HI
 tt_um_alu7b_26/LO
Found 0 partially unannotated drivers.

===========================================================================
max slew violation count 0
max fanout violation count 0
max cap violation count 0
============================================================================

===========================================================================
check_setup -verbose -unconstrained_endpoints -multiple_clock -no_clock -no_input_delay -loops -generated_clocks
===========================================================================
Warning: There are 15 unconstrained endpoints.
  uio_oe[0]
  uio_oe[1]
  uio_oe[2]
  uio_oe[3]
  uio_oe[4]
  uio_oe[5]
  uio_oe[6]
  uio_oe[7]
  uio_out[1]
  uio_out[2]
  uio_out[3]
  uio_out[4]
  uio_out[5]
  uio_out[6]
  uio_out[7]
