139. Printing statistics.

=== tt_um_alu7b ===

        +----------Local Count, excluding submodules.
        |        +-Local Area, excluding submodules.
        |        | 
      491        - wires
      587        - wire bits
       14        - public wires
       74        - public wire bits
        8        - ports
       43        - port bits
      520  814.531 cells
      153        -   $_ANDNOT_
       13        -   $_AND_
       31        -   $_MUX_
       16        -   $_NAND_
       16        -   $_NOR_
       23        -   $_NOT_
       20        -   $_ORNOT_
      161        -   $_OR_
        9        -   $_XNOR_
       47        -   $_XOR_
       31  814.531   sky130_fd_sc_hd__dfrtp_2

   Area for cell type $_ANDNOT_ is unknown!
   Area for cell type $_AND_ is unknown!
   Area for cell type $_MUX_ is unknown!
   Area for cell type $_NAND_ is unknown!
   Area for cell type $_NOR_ is unknown!
   Area for cell type $_NOT_ is unknown!
   Area for cell type $_ORNOT_ is unknown!
   Area for cell type $_OR_ is unknown!
   Area for cell type $_XNOR_ is unknown!
   Area for cell type $_XOR_ is unknown!

   Chip area for module '\tt_um_alu7b': 814.531200
     of which used for sequential elements: 814.531200 (100.00%)

