133. Printing statistics.

=== tt_um_alu7b ===

        +----------Local Count, excluding submodules.
        | 
      466 wires
      562 wire bits
       14 public wires
       74 public wire bits
        8 ports
       43 port bits
      495 cells
      153   $_ANDNOT_
       13   $_AND_
       25   $_DFFE_PN0P_
        6   $_DFF_PN0_
        6   $_MUX_
       16   $_NAND_
       16   $_NOR_
       23   $_NOT_
       20   $_ORNOT_
      161   $_OR_
        9   $_XNOR_
       47   $_XOR_

   Area for cell type $_ANDNOT_ is unknown!
   Area for cell type $_AND_ is unknown!
   Area for cell type $_DFFE_PN0P_ is unknown!
   Area for cell type $_DFF_PN0_ is unknown!
   Area for cell type $_MUX_ is unknown!
   Area for cell type $_NAND_ is unknown!
   Area for cell type $_NOR_ is unknown!
   Area for cell type $_NOT_ is unknown!
   Area for cell type $_ORNOT_ is unknown!
   Area for cell type $_OR_ is unknown!
   Area for cell type $_XNOR_ is unknown!
   Area for cell type $_XOR_ is unknown!

