147. Printing statistics.

=== tt_um_alu7b ===

        +----------Local Count, excluding submodules.
        |        +-Local Area, excluding submodules.
        |        | 
      186        - wires
      221        - wire bits
       31        - public wires
       66        - public wire bits
        8        - ports
       43        - port bits
      202 2.26E+03 cells
        1    10.01   sky130_fd_sc_hd__a211o_2
        1   12.512   sky130_fd_sc_hd__a211oi_2
        2   17.517   sky130_fd_sc_hd__a21o_2
        5   43.792   sky130_fd_sc_hd__a21oi_2
        1   11.261   sky130_fd_sc_hd__a221o_2
        1    10.01   sky130_fd_sc_hd__a22o_2
        2   22.522   sky130_fd_sc_hd__a2bb2o_2
        2   22.522   sky130_fd_sc_hd__a311o_2
        9   78.826   sky130_fd_sc_hd__a31o_2
        5   56.304   sky130_fd_sc_hd__a32o_2
        6   45.043   sky130_fd_sc_hd__and2_2
        1    8.758   sky130_fd_sc_hd__and2b_2
        5   37.536   sky130_fd_sc_hd__and3_2
        1    5.005   sky130_fd_sc_hd__buf_2
       15   56.304   sky130_fd_sc_hd__conb_1
       31  814.531   sky130_fd_sc_hd__dfrtp_2
        8   30.029   sky130_fd_sc_hd__inv_2
       15  168.912   sky130_fd_sc_hd__mux2_1
        8   50.048   sky130_fd_sc_hd__nand2_2
        3   26.275   sky130_fd_sc_hd__nand2b_2
        4   40.038   sky130_fd_sc_hd__nand3_2
       11   68.816   sky130_fd_sc_hd__nor2_2
        4   40.038   sky130_fd_sc_hd__nor3_2
        4   40.038   sky130_fd_sc_hd__o211a_2
        6    52.55   sky130_fd_sc_hd__o21a_2
        7   61.309   sky130_fd_sc_hd__o21ai_2
        1    10.01   sky130_fd_sc_hd__o21ba_2
        1    10.01   sky130_fd_sc_hd__o22a_2
        3   33.782   sky130_fd_sc_hd__o2bb2a_2
        2   22.522   sky130_fd_sc_hd__o311a_2
        1   16.266   sky130_fd_sc_hd__o311ai_2
        2   20.019   sky130_fd_sc_hd__o31a_2
       10    62.56   sky130_fd_sc_hd__or2_2
        7    52.55   sky130_fd_sc_hd__or3_2
        4   35.034   sky130_fd_sc_hd__or3b_2
        5   43.792   sky130_fd_sc_hd__or4_2
        1   12.512   sky130_fd_sc_hd__or4bb_2
        4   65.062   sky130_fd_sc_hd__xnor2_2
        3   48.797   sky130_fd_sc_hd__xor2_2

   Chip area for module '\tt_um_alu7b': 2263.420800
     of which used for sequential elements: 814.531200 (35.99%)

