Clock: clk
Sources: clk 
Generated: no
Virtual: yes
Propagated: no
Period: 20.000000

===========================================================================
report_clock_properties
============================================================================
Clock                   Period          Waveform
----------------------------------------------------
clk                  20.000000    0.000000 10.000000

===========================================================================
report_clock_latency
============================================================================
Clock clk
rise -> rise
    min     max
0.000000 0.000000 source latency
0.397208         network latency _316_/CLK
        0.401501 network latency _336_/CLK
---------------
0.397208 0.401501 latency
        0.004293 skew

fall -> fall
    min     max
0.000000 0.000000 source latency
0.360261         network latency _316_/CLK
        0.364228 network latency _336_/CLK
---------------
0.360261 0.364228 latency
        0.003967 skew



===========================================================================
report_clock_min_period
============================================================================
clk period_min = 3.85 fmax = 259.94
