Reading OpenROAD database at '/foss/designs/Workshop_IC_Design_UTP/myBootcampChipV2/runs/RUN_2026-04-20_04-42-25/24-openroad-ioplacement/tt_um_alu7b.odb'…
Reading library file at '/foss/pdks/sky130A/libs.ref/sky130_fd_sc_hd/lib/sky130_fd_sc_hd__tt_025C_1v80.lib'…
Reading design constraints file at '/usr/local/lib/python3.12/dist-packages/librelane/scripts/base.sdc'…
[INFO] Using clock clk…
[INFO] Setting output delay to: 4
[INFO] Setting input delay to: 4
[INFO] Setting load to: 0.033442
[INFO] Setting clock uncertainty to: 0.25
[INFO] Setting clock transition to: 0.1499999999999999944488848768742172978818416595458984375
[INFO] Setting timing derate to: 5%
[INFO] Setting RC values…
[INFO] Setting signal min routing layer to: met1 and clock min routing layer to met1. 
[INFO] Setting signal max routing layer to: met5 and clock max routing layer to met5. 
+ global_placement -density 0.6 -timing_driven -routability_driven -pad_right 0 -pad_left 0 -init_wirelength_coef 0.25
[INFO GPL-0002] DBU: 1000
[INFO GPL-0003] SiteSize: (  0.460  2.720 ) um
[INFO GPL-0004] CoreBBox: (  2.760  2.720 ) ( 156.860 95.200 ) um
[INFO GPL-0006] NumInstances:               468
[INFO GPL-0007] NumPlaceInstances:          202
[INFO GPL-0008] NumFixedInstances:          266
[INFO GPL-0009] NumDummyInstances:            0
[INFO GPL-0010] NumNets:                    221
[INFO GPL-0011] NumPins:                    794
[INFO GPL-0012] DieBBox:  (  0.000  0.000 ) ( 160.000 100.000 ) um
[INFO GPL-0013] CoreBBox: (  2.760  2.720 ) ( 156.860 95.200 ) um
[INFO GPL-0016] CoreArea:             14251.168 um^2
[INFO GPL-0017] NonPlaceInstsArea:      502.982 um^2
[INFO GPL-0018] PlaceInstsArea:        2263.421 um^2
[INFO GPL-0019] Util:                    16.463 %
[INFO GPL-0020] StdInstsArea:          2263.421 um^2
[INFO GPL-0021] MacroInstsArea:           0.000 um^2
[InitialPlace]  Iter: 1 CG residual: 0.00000006 HPWL: 5232571
[InitialPlace]  Iter: 2 CG residual: 0.00000011 HPWL: 2763515
[InitialPlace]  Iter: 3 CG residual: 0.00000010 HPWL: 2749048
[InitialPlace]  Iter: 4 CG residual: 0.00000006 HPWL: 2746405
[InitialPlace]  Iter: 5 CG residual: 0.00000008 HPWL: 2740485
[INFO GPL-0031] FillerInit:NumGCells:       761
[INFO GPL-0032] FillerInit:NumGNets:        221
[INFO GPL-0033] FillerInit:NumGPins:        794
[INFO GPL-0023] TargetDensity:            0.600
[INFO GPL-0024] AvrgPlaceInstArea:       11.205 um^2
[INFO GPL-0025] IdealBinArea:            18.675 um^2
[INFO GPL-0026] IdealBinCnt:                763
[INFO GPL-0027] TotalBinArea:         14251.168 um^2
[INFO GPL-0028] BinCnt:        16     16
[INFO GPL-0029] BinSize: (  9.632  5.780 )
[INFO GPL-0030] NumBins: 256
[NesterovSolve] Iter:    1 overflow: 0.838 HPWL: 1524017
[INFO GPL-0100] Timing-driven: executing resizer for reweighting nets.
[INFO GPL-0101] Timing-driven: worst slack 1.49e-08
[INFO GPL-0103] Timing-driven: weighted 20 nets.
[NesterovSolve] Iter:   10 overflow: 0.650 HPWL: 2253876
[NesterovSolve] Iter:   20 overflow: 0.677 HPWL: 2229891
[NesterovSolve] Iter:   30 overflow: 0.680 HPWL: 2210179
[NesterovSolve] Iter:   40 overflow: 0.677 HPWL: 2216260
[NesterovSolve] Iter:   50 overflow: 0.692 HPWL: 2216454
[NesterovSolve] Iter:   60 overflow: 0.691 HPWL: 2216368
[NesterovSolve] Iter:   70 overflow: 0.691 HPWL: 2216071
[NesterovSolve] Iter:   80 overflow: 0.692 HPWL: 2215000
[NesterovSolve] Iter:   90 overflow: 0.689 HPWL: 2214276
[NesterovSolve] Iter:  100 overflow: 0.686 HPWL: 2214325
[NesterovSolve] Iter:  110 overflow: 0.686 HPWL: 2216092
[NesterovSolve] Iter:  120 overflow: 0.686 HPWL: 2218856
[NesterovSolve] Iter:  130 overflow: 0.687 HPWL: 2222693
[NesterovSolve] Iter:  140 overflow: 0.686 HPWL: 2227690
[NesterovSolve] Iter:  150 overflow: 0.682 HPWL: 2233783
[NesterovSolve] Iter:  160 overflow: 0.675 HPWL: 2242137
[NesterovSolve] Iter:  170 overflow: 0.657 HPWL: 2253896
[NesterovSolve] Iter:  180 overflow: 0.645 HPWL: 2273510
[NesterovSolve] Iter:  190 overflow: 0.637 HPWL: 2308572
[INFO GPL-0100] Timing-driven: executing resizer for reweighting nets.
[INFO GPL-0101] Timing-driven: worst slack 1.49e-08
[INFO GPL-0103] Timing-driven: weighted 20 nets.
[NesterovSolve] Iter:  200 overflow: 0.624 HPWL: 2352447
[NesterovSolve] Iter:  210 overflow: 0.609 HPWL: 2436280
[NesterovSolve] Snapshot saved at iter = 213
[NesterovSolve] Iter:  220 overflow: 0.587 HPWL: 2525588
[NesterovSolve] Iter:  230 overflow: 0.556 HPWL: 2635297
[NesterovSolve] Iter:  240 overflow: 0.513 HPWL: 2726098
[INFO GPL-0100] Timing-driven: executing resizer for reweighting nets.
[INFO GPL-0101] Timing-driven: worst slack 1.49e-08
[INFO GPL-0103] Timing-driven: weighted 20 nets.
[NesterovSolve] Iter:  250 overflow: 0.461 HPWL: 2829051
[NesterovSolve] Iter:  260 overflow: 0.425 HPWL: 2937518
[NesterovSolve] Iter:  270 overflow: 0.377 HPWL: 3040715
[NesterovSolve] Iter:  280 overflow: 0.330 HPWL: 3127224
[INFO GPL-0075] Routability numCall: 1 inflationIterCnt: 1 bloatIterCnt: 0
[INFO GPL-0036] TileBBox: (    0    0 ) ( 6900 6900 ) DBU
[INFO GPL-0038] TileCnt:      23   14
[INFO GPL-0040] NumTiles: 322
[INFO GPL-0081] TotalRouteOverflow: 0.0
[INFO GPL-0082] OverflowTileCnt: 0
[INFO GPL-0083] 0.5%RC: 0.8887152373790741
[INFO GPL-0084] 1.0%RC: 0.8425773233175278
[INFO GPL-0085] 2.0%RC: 0.803176053932735
[INFO GPL-0086] 5.0%RC: 0.7418443525538725
[INFO GPL-0087] FinalRC: 0.8656463
[INFO GPL-0077] FinalRC lower than targetRC(1.01), routability not needed.
[INFO GPL-0100] Timing-driven: executing resizer for reweighting nets.
[INFO GPL-0101] Timing-driven: worst slack 1.49e-08
[INFO GPL-0103] Timing-driven: weighted 20 nets.
[NesterovSolve] Iter:  290 overflow: 0.280 HPWL: 3204827
[NesterovSolve] Iter:  300 overflow: 0.237 HPWL: 3280838
[INFO GPL-0100] Timing-driven: executing resizer for reweighting nets.
[INFO GPL-0101] Timing-driven: worst slack 1.48e-08
[INFO GPL-0103] Timing-driven: weighted 20 nets.
[NesterovSolve] Iter:  310 overflow: 0.201 HPWL: 3374515
[NesterovSolve] Iter:  320 overflow: 0.172 HPWL: 3450901
[NesterovSolve] Iter:  330 overflow: 0.150 HPWL: 3529287
[INFO GPL-0100] Timing-driven: executing resizer for reweighting nets.
[INFO GPL-0101] Timing-driven: worst slack 1.48e-08
[INFO GPL-0103] Timing-driven: weighted 20 nets.
[NesterovSolve] Iter:  340 overflow: 0.118 HPWL: 3609929
[NesterovSolve] Finished with Overflow: 0.094748
[INFO] Setting RC values…
Setting global connections for newly added cells…
[INFO] Setting global connections...
Updating metrics…
Cell type report:                       Count       Area
  Fill cell                                68     255.24
  Tap cell                                198     247.74
  Buffer                                    1       5.00
  Inverter                                  8      30.03
  Sequential cell                          31     814.53
  Multi-Input combinational cell          162    1413.86
  Total                                   468    2766.40
Writing OpenROAD database to '/foss/designs/Workshop_IC_Design_UTP/myBootcampChipV2/runs/RUN_2026-04-20_04-42-25/27-openroad-globalplacement/tt_um_alu7b.odb'…
Writing netlist to '/foss/designs/Workshop_IC_Design_UTP/myBootcampChipV2/runs/RUN_2026-04-20_04-42-25/27-openroad-globalplacement/tt_um_alu7b.nl.v'…
Writing powered netlist to '/foss/designs/Workshop_IC_Design_UTP/myBootcampChipV2/runs/RUN_2026-04-20_04-42-25/27-openroad-globalplacement/tt_um_alu7b.pnl.v'…
Writing layout to '/foss/designs/Workshop_IC_Design_UTP/myBootcampChipV2/runs/RUN_2026-04-20_04-42-25/27-openroad-globalplacement/tt_um_alu7b.def'…
Writing timing constraints to '/foss/designs/Workshop_IC_Design_UTP/myBootcampChipV2/runs/RUN_2026-04-20_04-42-25/27-openroad-globalplacement/tt_um_alu7b.sdc'…
