Clock: clk
Sources: clk 
Generated: no
Virtual: yes
Propagated: no
Period: 20.000000

===========================================================================
report_clock_properties
============================================================================
Clock                   Period          Waveform
----------------------------------------------------
clk                  20.000000    0.000000 10.000000

===========================================================================
report_clock_latency
============================================================================
Clock clk
rise -> rise
    min     max
0.000000 0.000000 source latency
0.269609         network latency _316_/CLK
        0.273218 network latency _327_/CLK
---------------
0.269609 0.273218 latency
        0.003608 skew

fall -> fall
    min     max
0.000000 0.000000 source latency
0.242359         network latency _316_/CLK
        0.245709 network latency _327_/CLK
---------------
0.242359 0.245709 latency
        0.003350 skew



===========================================================================
report_clock_min_period
============================================================================
clk period_min = 2.44 fmax = 409.51
