Clock: clk
Sources: clk 
Generated: no
Virtual: yes
Propagated: no
Period: 20.000000

===========================================================================
report_clock_properties
============================================================================
Clock                   Period          Waveform
----------------------------------------------------
clk                  20.000000    0.000000 10.000000

===========================================================================
report_clock_latency
============================================================================
Clock clk
rise -> rise
    min     max
0.000000 0.000000 source latency
0.389270         network latency _316_/CLK
        0.393394 network latency _327_/CLK
---------------
0.389270 0.393394 latency
        0.004125 skew

fall -> fall
    min     max
0.000000 0.000000 source latency
0.354919         network latency _316_/CLK
        0.358686 network latency _327_/CLK
---------------
0.354919 0.358686 latency
        0.003768 skew



===========================================================================
report_clock_min_period
============================================================================
clk period_min = 3.83 fmax = 261.39
