Clock: clk
Sources: clk 
Generated: no
Virtual: yes
Propagated: no
Period: 20.000000

===========================================================================
report_clock_properties
============================================================================
Clock                   Period          Waveform
----------------------------------------------------
clk                  20.000000    0.000000 10.000000

===========================================================================
report_clock_latency
============================================================================
Clock clk
rise -> rise
    min     max
0.000000 0.000000 source latency
0.684643         network latency _316_/CLK
        0.692030 network latency _336_/CLK
---------------
0.684643 0.692030 latency
        0.007387 skew

fall -> fall
    min     max
0.000000 0.000000 source latency
0.645497         network latency _316_/CLK
        0.651794 network latency _336_/CLK
---------------
0.645497 0.651794 latency
        0.006297 skew



===========================================================================
report_clock_min_period
============================================================================
clk period_min = 7.64 fmax = 130.83
