Clock: clk
Sources: clk 
Generated: no
Virtual: yes
Propagated: no
Period: 20.000000

===========================================================================
report_clock_properties
============================================================================
Clock                   Period          Waveform
----------------------------------------------------
clk                  20.000000    0.000000 10.000000

===========================================================================
report_clock_latency
============================================================================
Clock clk
rise -> rise
    min     max
0.000000 0.000000 source latency
0.345222         network latency _315_/CLK
        0.347581 network latency _327_/CLK
---------------
0.345222 0.347581 latency
        0.002358 skew

fall -> fall
    min     max
0.000000 0.000000 source latency
0.327933         network latency _315_/CLK
        0.330043 network latency _327_/CLK
---------------
0.327933 0.330043 latency
        0.002109 skew



===========================================================================
report_clock_min_period
============================================================================
clk period_min = 3.66 fmax = 273.30
