
 /----------------------------------------------------------------------------\
 |  yosys -- Yosys Open SYnthesis Suite                                       |
 |  Copyright (C) 2012 - 2026  Claire Xenia Wolf <claire@yosyshq.com>         |
 |  Distributed under an ISC-like license, type "license" to see terms        |
 \----------------------------------------------------------------------------/
 Yosys 0.62 (git sha1 7326bb7d6, g++ 13.3.0-6ubuntu2~24.04 -fPIC -O3)

1. Executing Liberty frontend: /foss/pdks/sky130A/libs.ref/sky130_fd_sc_hd/lib/sky130_fd_sc_hd__tt_025C_1v80.lib
Imported 428 cell types from liberty file.
[INFO] Using SDC file '/foss/designs/Workshop_IC_Design_UTP/myBootcampChipV2/runs/RUN_2026-04-20_04-22-38/06-yosys-synthesis/synthesis.abc.sdc' for ABC…

2. Executing Verilog-2005 frontend: /foss/designs/Workshop_IC_Design_UTP/myBootcampChipV2/src/alu_7b.v
Parsing SystemVerilog input from `/foss/designs/Workshop_IC_Design_UTP/myBootcampChipV2/src/alu_7b.v' to AST representation.
Storing AST representation for module `$abstract\alu_7b'.
Successfully finished Verilog frontend.

3. Executing Verilog-2005 frontend: /foss/designs/Workshop_IC_Design_UTP/myBootcampChipV2/src/tt_um_alu7b.v
Parsing SystemVerilog input from `/foss/designs/Workshop_IC_Design_UTP/myBootcampChipV2/src/tt_um_alu7b.v' to AST representation.
Storing AST representation for module `$abstract\tt_um_alu7b'.
Successfully finished Verilog frontend.

4. Executing HIERARCHY pass (managing design hierarchy).

5. Executing AST frontend in derive mode using pre-parsed AST for module `\tt_um_alu7b'.
Generating RTLIL representation for module `\tt_um_alu7b'.

5.1. Analyzing design hierarchy..
Top module:  \tt_um_alu7b

5.2. Executing AST frontend in derive mode using pre-parsed AST for module `\alu_7b'.
Generating RTLIL representation for module `\alu_7b'.

5.3. Analyzing design hierarchy..
Top module:  \tt_um_alu7b
Used module:     \alu_7b

5.4. Analyzing design hierarchy..
Top module:  \tt_um_alu7b
Used module:     \alu_7b
Removing unused module `$abstract\tt_um_alu7b'.
Removing unused module `$abstract\alu_7b'.
Removed 2 unused modules.
Renaming module tt_um_alu7b to tt_um_alu7b.

6. Generating Graphviz representation of design.
Writing dot description to `/foss/designs/Workshop_IC_Design_UTP/myBootcampChipV2/runs/RUN_2026-04-20_04-22-38/06-yosys-synthesis/hierarchy.dot'.
Dumping module tt_um_alu7b to page 1.

7. Executing TRIBUF pass.

8. Executing HIERARCHY pass (managing design hierarchy).

8.1. Analyzing design hierarchy..
Top module:  \tt_um_alu7b
Used module:     \alu_7b

8.2. Analyzing design hierarchy..
Top module:  \tt_um_alu7b
Used module:     \alu_7b
Removed 0 unused modules.

9. Executing PROC_CLEAN pass (remove empty switches from decision trees).
Cleaned up 0 empty switches.

10. Executing PROC_RMDEAD pass (remove dead branches from decision trees).
Marked 5 switch rules as full_case in process $proc$/foss/designs/Workshop_IC_Design_UTP/myBootcampChipV2/src/tt_um_alu7b.v:33$7 in module tt_um_alu7b.
Marked 1 switch rules as full_case in process $proc$/foss/designs/Workshop_IC_Design_UTP/myBootcampChipV2/src/alu_7b.v:10$63 in module alu_7b.
Removed a total of 0 dead cases.

11. Executing PROC_PRUNE pass (remove redundant assignments in processes).
Removed 2 redundant assignments.
Promoted 10 assignments to connections.

12. Executing PROC_INIT pass (extract init attributes).

13. Executing PROC_ARST pass (detect async resets in processes).
Found async reset \rst_n in `\tt_um_alu7b.$proc$/foss/designs/Workshop_IC_Design_UTP/myBootcampChipV2/src/tt_um_alu7b.v:33$7'.

14. Executing PROC_ROM pass (convert switches to ROMs).
Converted 0 switches.
<suppressed ~6 debug messages>

15. Executing PROC_MUX pass (convert decision trees to multiplexers).
Creating decoders for process `\tt_um_alu7b.$proc$/foss/designs/Workshop_IC_Design_UTP/myBootcampChipV2/src/tt_um_alu7b.v:33$7'.
     1/21: $0\count[4:0]
     2/21: $4$lookahead\regOp$6[2:0]$50
     3/21: $4$bitselwrite$pos$/foss/designs/Workshop_IC_Design_UTP/myBootcampChipV2/src/tt_um_alu7b.v:49$3[31:0]$49
     4/21: $3$lookahead\regB$5[6:0]$38
     5/21: $3$bitselwrite$pos$/foss/designs/Workshop_IC_Design_UTP/myBootcampChipV2/src/tt_um_alu7b.v:47$2[31:0]$36
     6/21: $3$lookahead\regOp$6[2:0]$39
     7/21: $3$bitselwrite$pos$/foss/designs/Workshop_IC_Design_UTP/myBootcampChipV2/src/tt_um_alu7b.v:49$3[31:0]$37
     8/21: $2$lookahead\regA$4[6:0]$25
     9/21: $2$bitselwrite$pos$/foss/designs/Workshop_IC_Design_UTP/myBootcampChipV2/src/tt_um_alu7b.v:45$1[4:0]$22
    10/21: $2$lookahead\regOp$6[2:0]$27
    11/21: $2$lookahead\regB$5[6:0]$26
    12/21: $2$bitselwrite$pos$/foss/designs/Workshop_IC_Design_UTP/myBootcampChipV2/src/tt_um_alu7b.v:49$3[31:0]$24
    13/21: $2$bitselwrite$pos$/foss/designs/Workshop_IC_Design_UTP/myBootcampChipV2/src/tt_um_alu7b.v:47$2[31:0]$23
    14/21: $1$lookahead\regOp$6[2:0]$20
    15/21: $1$lookahead\regB$5[6:0]$19
    16/21: $1$lookahead\regA$4[6:0]$18
    17/21: $1$bitselwrite$pos$/foss/designs/Workshop_IC_Design_UTP/myBootcampChipV2/src/tt_um_alu7b.v:49$3[31:0]$17
    18/21: $1$bitselwrite$pos$/foss/designs/Workshop_IC_Design_UTP/myBootcampChipV2/src/tt_um_alu7b.v:47$2[31:0]$16
    19/21: $1$bitselwrite$pos$/foss/designs/Workshop_IC_Design_UTP/myBootcampChipV2/src/tt_um_alu7b.v:45$1[4:0]$15
    20/21: $0\done[0:0]
    21/21: $0\result[7:0]
Creating decoders for process `\alu_7b.$proc$/foss/designs/Workshop_IC_Design_UTP/myBootcampChipV2/src/alu_7b.v:10$63'.
     1/1: $1\result[7:0]

16. Executing PROC_DLATCH pass (convert process syncs to latches).
No latch inferred for signal `\alu_7b.\result' from process `\alu_7b.$proc$/foss/designs/Workshop_IC_Design_UTP/myBootcampChipV2/src/alu_7b.v:10$63'.

17. Executing PROC_DFF pass (convert process syncs to FFs).
Creating register for signal `\tt_um_alu7b.\regA' using process `\tt_um_alu7b.$proc$/foss/designs/Workshop_IC_Design_UTP/myBootcampChipV2/src/tt_um_alu7b.v:33$7'.
  created $adff cell `$procdff$165' with positive edge clock and positive level reset.
Creating register for signal `\tt_um_alu7b.\regB' using process `\tt_um_alu7b.$proc$/foss/designs/Workshop_IC_Design_UTP/myBootcampChipV2/src/tt_um_alu7b.v:33$7'.
  created $adff cell `$procdff$170' with positive edge clock and positive level reset.
Creating register for signal `\tt_um_alu7b.\regOp' using process `\tt_um_alu7b.$proc$/foss/designs/Workshop_IC_Design_UTP/myBootcampChipV2/src/tt_um_alu7b.v:33$7'.
  created $adff cell `$procdff$175' with positive edge clock and positive level reset.
Creating register for signal `\tt_um_alu7b.\result' using process `\tt_um_alu7b.$proc$/foss/designs/Workshop_IC_Design_UTP/myBootcampChipV2/src/tt_um_alu7b.v:33$7'.
  created $adff cell `$procdff$180' with positive edge clock and positive level reset.
Creating register for signal `\tt_um_alu7b.\count' using process `\tt_um_alu7b.$proc$/foss/designs/Workshop_IC_Design_UTP/myBootcampChipV2/src/tt_um_alu7b.v:33$7'.
  created $adff cell `$procdff$185' with positive edge clock and positive level reset.
Creating register for signal `\tt_um_alu7b.\done' using process `\tt_um_alu7b.$proc$/foss/designs/Workshop_IC_Design_UTP/myBootcampChipV2/src/tt_um_alu7b.v:33$7'.
  created $adff cell `$procdff$190' with positive edge clock and positive level reset.
Creating register for signal `\tt_um_alu7b.$bitselwrite$pos$/foss/designs/Workshop_IC_Design_UTP/myBootcampChipV2/src/tt_um_alu7b.v:45$1' using process `\tt_um_alu7b.$proc$/foss/designs/Workshop_IC_Design_UTP/myBootcampChipV2/src/tt_um_alu7b.v:33$7'.
  created $adff cell `$procdff$195' with positive edge clock and positive level reset.
Creating register for signal `\tt_um_alu7b.$bitselwrite$pos$/foss/designs/Workshop_IC_Design_UTP/myBootcampChipV2/src/tt_um_alu7b.v:47$2' using process `\tt_um_alu7b.$proc$/foss/designs/Workshop_IC_Design_UTP/myBootcampChipV2/src/tt_um_alu7b.v:33$7'.
  created $adff cell `$procdff$200' with positive edge clock and positive level reset.
Creating register for signal `\tt_um_alu7b.$bitselwrite$pos$/foss/designs/Workshop_IC_Design_UTP/myBootcampChipV2/src/tt_um_alu7b.v:49$3' using process `\tt_um_alu7b.$proc$/foss/designs/Workshop_IC_Design_UTP/myBootcampChipV2/src/tt_um_alu7b.v:33$7'.
  created $adff cell `$procdff$205' with positive edge clock and positive level reset.
Creating register for signal `\tt_um_alu7b.$lookahead\regA$4' using process `\tt_um_alu7b.$proc$/foss/designs/Workshop_IC_Design_UTP/myBootcampChipV2/src/tt_um_alu7b.v:33$7'.
  created $adff cell `$procdff$210' with positive edge clock and positive level reset.
Creating register for signal `\tt_um_alu7b.$lookahead\regB$5' using process `\tt_um_alu7b.$proc$/foss/designs/Workshop_IC_Design_UTP/myBootcampChipV2/src/tt_um_alu7b.v:33$7'.
  created $adff cell `$procdff$215' with positive edge clock and positive level reset.
Creating register for signal `\tt_um_alu7b.$lookahead\regOp$6' using process `\tt_um_alu7b.$proc$/foss/designs/Workshop_IC_Design_UTP/myBootcampChipV2/src/tt_um_alu7b.v:33$7'.
  created $adff cell `$procdff$220' with positive edge clock and positive level reset.

18. Executing PROC_MEMWR pass (convert process memory writes to cells).

19. Executing PROC_CLEAN pass (remove empty switches from decision trees).
Found and cleaned up 5 empty switches in `\tt_um_alu7b.$proc$/foss/designs/Workshop_IC_Design_UTP/myBootcampChipV2/src/tt_um_alu7b.v:33$7'.
Removing empty process `tt_um_alu7b.$proc$/foss/designs/Workshop_IC_Design_UTP/myBootcampChipV2/src/tt_um_alu7b.v:33$7'.
Found and cleaned up 1 empty switch in `\alu_7b.$proc$/foss/designs/Workshop_IC_Design_UTP/myBootcampChipV2/src/alu_7b.v:10$63'.
Removing empty process `alu_7b.$proc$/foss/designs/Workshop_IC_Design_UTP/myBootcampChipV2/src/alu_7b.v:10$63'.
Cleaned up 6 empty switches.

20. Executing CHECK pass (checking for obvious problems).
Checking module tt_um_alu7b...
Checking module alu_7b...
Found and reported 0 problems.

21. Executing OPT_EXPR pass (perform const folding).
Optimizing module tt_um_alu7b.
<suppressed ~25 debug messages>
Optimizing module alu_7b.
<suppressed ~1 debug messages>

22. Executing FLATTEN pass (flatten design).
Deleting now unused module alu_7b.
<suppressed ~1 debug messages>

23. Executing OPT_EXPR pass (perform const folding).
Optimizing module tt_um_alu7b.

24. Executing OPT_CLEAN pass (remove unused cells and wires).
Finding unused cells or wires in module \tt_um_alu7b..
Removed 29 unused cells and 104 unused wires.
<suppressed ~30 debug messages>

25. Executing OPT_EXPR pass (perform const folding).
Optimizing module tt_um_alu7b.

26. Executing OPT_MERGE pass (detect identical cells).
Finding identical cells in module `\tt_um_alu7b'.
Computing hashes of 66 cells of `\tt_um_alu7b'.
Finding duplicate cells in `\tt_um_alu7b'.
Computing hashes of 62 cells of `\tt_um_alu7b'.
Finding duplicate cells in `\tt_um_alu7b'.
<suppressed ~12 debug messages>
Removed a total of 4 cells.

27. Executing OPT_MUXTREE pass (detect dead branches in mux trees).
Running muxtree optimizer on module \tt_um_alu7b..
  Creating internal representation of mux trees.
  Evaluating internal representation of mux trees.
  Analyzing evaluation results.
    dead port 1/2 on $mux $procmux$106.
    dead port 1/2 on $mux $procmux$76.
    dead port 1/2 on $mux $procmux$79.
    dead port 1/2 on $mux $procmux$94.
Removed 4 multiplexer ports.
<suppressed ~26 debug messages>

28. Executing OPT_REDUCE pass (consolidate $*mux and $reduce_* inputs).
  Optimizing cells in module \tt_um_alu7b.
Performed a total of 0 changes.

29. Executing OPT_MERGE pass (detect identical cells).
Finding identical cells in module `\tt_um_alu7b'.
Computing hashes of 58 cells of `\tt_um_alu7b'.
Finding duplicate cells in `\tt_um_alu7b'.
Removed a total of 0 cells.

30. Executing OPT_DFF pass (perform DFF optimizations).

31. Executing OPT_CLEAN pass (remove unused cells and wires).
Finding unused cells or wires in module \tt_um_alu7b..
Removed 0 unused cells and 8 unused wires.
<suppressed ~1 debug messages>

32. Executing OPT_EXPR pass (perform const folding).
Optimizing module tt_um_alu7b.

33. Rerunning OPT passes. (Maybe there is more to do…)

34. Executing OPT_MUXTREE pass (detect dead branches in mux trees).
Running muxtree optimizer on module \tt_um_alu7b..
  Creating internal representation of mux trees.
  Evaluating internal representation of mux trees.
  Analyzing evaluation results.
Removed 0 multiplexer ports.
<suppressed ~22 debug messages>

35. Executing OPT_REDUCE pass (consolidate $*mux and $reduce_* inputs).
  Optimizing cells in module \tt_um_alu7b.
Performed a total of 0 changes.

36. Executing OPT_MERGE pass (detect identical cells).
Finding identical cells in module `\tt_um_alu7b'.
Computing hashes of 58 cells of `\tt_um_alu7b'.
Finding duplicate cells in `\tt_um_alu7b'.
Removed a total of 0 cells.

37. Executing OPT_DFF pass (perform DFF optimizations).

38. Executing OPT_CLEAN pass (remove unused cells and wires).
Finding unused cells or wires in module \tt_um_alu7b..

39. Executing OPT_EXPR pass (perform const folding).
Optimizing module tt_um_alu7b.

40. Executing FSM pass (extract and optimize FSM).

40.1. Executing FSM_DETECT pass (finding FSMs in design).

40.2. Executing FSM_EXTRACT pass (extracting FSM from design).

40.3. Executing FSM_OPT pass (simple optimizations of FSMs).

40.4. Executing OPT_CLEAN pass (remove unused cells and wires).
Finding unused cells or wires in module \tt_um_alu7b..

40.5. Executing FSM_OPT pass (simple optimizations of FSMs).

40.6. Executing FSM_RECODE pass (re-assigning FSM state encoding).

40.7. Executing FSM_INFO pass (dumping all available information on FSM cells).

40.8. Executing FSM_MAP pass (mapping FSMs to basic logic).

41. Executing OPT_EXPR pass (perform const folding).
Optimizing module tt_um_alu7b.

42. Executing OPT_MERGE pass (detect identical cells).
Finding identical cells in module `\tt_um_alu7b'.
Computing hashes of 58 cells of `\tt_um_alu7b'.
Finding duplicate cells in `\tt_um_alu7b'.
Removed a total of 0 cells.

43. Executing OPT_MUXTREE pass (detect dead branches in mux trees).
Running muxtree optimizer on module \tt_um_alu7b..
  Creating internal representation of mux trees.
  Evaluating internal representation of mux trees.
  Analyzing evaluation results.
Removed 0 multiplexer ports.
<suppressed ~22 debug messages>

44. Executing OPT_REDUCE pass (consolidate $*mux and $reduce_* inputs).
  Optimizing cells in module \tt_um_alu7b.
Performed a total of 0 changes.

45. Executing OPT_MERGE pass (detect identical cells).
Finding identical cells in module `\tt_um_alu7b'.
Computing hashes of 58 cells of `\tt_um_alu7b'.
Finding duplicate cells in `\tt_um_alu7b'.
Removed a total of 0 cells.

46. Executing OPT_DFF pass (perform DFF optimizations).
Adding EN signal on $procdff$180 ($adff) from module tt_um_alu7b (D = \alu_result, Q = \result).
Adding EN signal on $procdff$175 ($adff) from module tt_um_alu7b (D = $or$/foss/designs/Workshop_IC_Design_UTP/myBootcampChipV2/src/tt_um_alu7b.v:49$58_Y, Q = \regOp).
Adding EN signal on $procdff$170 ($adff) from module tt_um_alu7b (D = $or$/foss/designs/Workshop_IC_Design_UTP/myBootcampChipV2/src/tt_um_alu7b.v:47$47_Y, Q = \regB).
Adding EN signal on $procdff$165 ($adff) from module tt_um_alu7b (D = $or$/foss/designs/Workshop_IC_Design_UTP/myBootcampChipV2/src/tt_um_alu7b.v:45$34_Y, Q = \regA).

47. Executing OPT_CLEAN pass (remove unused cells and wires).
Finding unused cells or wires in module \tt_um_alu7b..
Removed 10 unused cells and 10 unused wires.
<suppressed ~11 debug messages>

48. Executing OPT_EXPR pass (perform const folding).
Optimizing module tt_um_alu7b.

49. Rerunning OPT passes. (Maybe there is more to do…)

50. Executing OPT_MUXTREE pass (detect dead branches in mux trees).
Running muxtree optimizer on module \tt_um_alu7b..
  Creating internal representation of mux trees.
  Evaluating internal representation of mux trees.
  Analyzing evaluation results.
Removed 0 multiplexer ports.
<suppressed ~9 debug messages>

51. Executing OPT_REDUCE pass (consolidate $*mux and $reduce_* inputs).
  Optimizing cells in module \tt_um_alu7b.
Performed a total of 0 changes.

52. Executing OPT_MERGE pass (detect identical cells).
Finding identical cells in module `\tt_um_alu7b'.
Computing hashes of 57 cells of `\tt_um_alu7b'.
Finding duplicate cells in `\tt_um_alu7b'.
Computing hashes of 54 cells of `\tt_um_alu7b'.
Finding duplicate cells in `\tt_um_alu7b'.
<suppressed ~9 debug messages>
Removed a total of 3 cells.

53. Executing OPT_DFF pass (perform DFF optimizations).

54. Executing OPT_CLEAN pass (remove unused cells and wires).
Finding unused cells or wires in module \tt_um_alu7b..
Removed 0 unused cells and 3 unused wires.
<suppressed ~1 debug messages>

55. Executing OPT_EXPR pass (perform const folding).
Optimizing module tt_um_alu7b.

56. Rerunning OPT passes. (Maybe there is more to do…)

57. Executing OPT_MUXTREE pass (detect dead branches in mux trees).
Running muxtree optimizer on module \tt_um_alu7b..
  Creating internal representation of mux trees.
  Evaluating internal representation of mux trees.
  Analyzing evaluation results.
Removed 0 multiplexer ports.
<suppressed ~9 debug messages>

58. Executing OPT_REDUCE pass (consolidate $*mux and $reduce_* inputs).
  Optimizing cells in module \tt_um_alu7b.
Performed a total of 0 changes.

59. Executing OPT_MERGE pass (detect identical cells).
Finding identical cells in module `\tt_um_alu7b'.
Computing hashes of 54 cells of `\tt_um_alu7b'.
Finding duplicate cells in `\tt_um_alu7b'.
Removed a total of 0 cells.

60. Executing OPT_DFF pass (perform DFF optimizations).

61. Executing OPT_CLEAN pass (remove unused cells and wires).
Finding unused cells or wires in module \tt_um_alu7b..

62. Executing OPT_EXPR pass (perform const folding).
Optimizing module tt_um_alu7b.

63. Executing WREDUCE pass (reducing word size of cells).
Removed top 29 bits (of 32) from port B of cell tt_um_alu7b.$lt$/foss/designs/Workshop_IC_Design_UTP/myBootcampChipV2/src/tt_um_alu7b.v:44$21 ($lt).
Converting cell tt_um_alu7b.$neg$/foss/designs/Workshop_IC_Design_UTP/myBootcampChipV2/src/tt_um_alu7b.v:45$28 ($neg) from signed to unsigned.
Removed top 1 bits (of 6) from port A of cell tt_um_alu7b.$neg$/foss/designs/Workshop_IC_Design_UTP/myBootcampChipV2/src/tt_um_alu7b.v:45$28 ($neg).
Removed top 28 bits (of 32) from port B of cell tt_um_alu7b.$lt$/foss/designs/Workshop_IC_Design_UTP/myBootcampChipV2/src/tt_um_alu7b.v:46$35 ($lt).
Removed top 29 bits (of 32) from port B of cell tt_um_alu7b.$sub$/foss/designs/Workshop_IC_Design_UTP/myBootcampChipV2/src/tt_um_alu7b.v:47$40 ($sub).
Removed top 26 bits (of 32) from port Y of cell tt_um_alu7b.$sub$/foss/designs/Workshop_IC_Design_UTP/myBootcampChipV2/src/tt_um_alu7b.v:47$40 ($sub).
Converting cell tt_um_alu7b.$neg$/foss/designs/Workshop_IC_Design_UTP/myBootcampChipV2/src/tt_um_alu7b.v:47$41 ($neg) from signed to unsigned.
Removed top 1 bits (of 33) from port A of cell tt_um_alu7b.$neg$/foss/designs/Workshop_IC_Design_UTP/myBootcampChipV2/src/tt_um_alu7b.v:47$41 ($neg).
Removed top 27 bits (of 32) from port B of cell tt_um_alu7b.$lt$/foss/designs/Workshop_IC_Design_UTP/myBootcampChipV2/src/tt_um_alu7b.v:48$48 ($lt).
Removed top 28 bits (of 32) from port B of cell tt_um_alu7b.$sub$/foss/designs/Workshop_IC_Design_UTP/myBootcampChipV2/src/tt_um_alu7b.v:49$51 ($sub).
Removed top 26 bits (of 32) from port Y of cell tt_um_alu7b.$sub$/foss/designs/Workshop_IC_Design_UTP/myBootcampChipV2/src/tt_um_alu7b.v:49$51 ($sub).
Converting cell tt_um_alu7b.$neg$/foss/designs/Workshop_IC_Design_UTP/myBootcampChipV2/src/tt_um_alu7b.v:49$52 ($neg) from signed to unsigned.
Removed top 1 bits (of 33) from port A of cell tt_um_alu7b.$neg$/foss/designs/Workshop_IC_Design_UTP/myBootcampChipV2/src/tt_um_alu7b.v:49$52 ($neg).
Removed top 31 bits (of 32) from port B of cell tt_um_alu7b.$add$/foss/designs/Workshop_IC_Design_UTP/myBootcampChipV2/src/tt_um_alu7b.v:58$61 ($add).
Removed top 27 bits (of 32) from port Y of cell tt_um_alu7b.$add$/foss/designs/Workshop_IC_Design_UTP/myBootcampChipV2/src/tt_um_alu7b.v:58$61 ($add).
Removed top 2 bits (of 3) from port B of cell tt_um_alu7b.$flatten\alu0.$procmux$159_CMP0 ($eq).
Removed top 1 bits (of 3) from port B of cell tt_um_alu7b.$flatten\alu0.$procmux$158_CMP0 ($eq).
Removed top 1 bits (of 3) from port B of cell tt_um_alu7b.$flatten\alu0.$procmux$157_CMP0 ($eq).
Removed top 1 bits (of 8) from port A of cell tt_um_alu7b.$flatten\alu0.$sub$/foss/designs/Workshop_IC_Design_UTP/myBootcampChipV2/src/alu_7b.v:16$68 ($sub).
Removed top 1 bits (of 8) from port B of cell tt_um_alu7b.$flatten\alu0.$sub$/foss/designs/Workshop_IC_Design_UTP/myBootcampChipV2/src/alu_7b.v:16$68 ($sub).
Removed top 1 bits (of 8) from port A of cell tt_um_alu7b.$flatten\alu0.$add$/foss/designs/Workshop_IC_Design_UTP/myBootcampChipV2/src/alu_7b.v:12$64 ($add).
Removed top 1 bits (of 8) from port B of cell tt_um_alu7b.$flatten\alu0.$add$/foss/designs/Workshop_IC_Design_UTP/myBootcampChipV2/src/alu_7b.v:12$64 ($add).
Removed top 27 bits (of 32) from wire tt_um_alu7b.$add$/foss/designs/Workshop_IC_Design_UTP/myBootcampChipV2/src/tt_um_alu7b.v:58$61_Y.
Removed top 32 bits (of 33) from wire tt_um_alu7b.$neg$/foss/designs/Workshop_IC_Design_UTP/myBootcampChipV2/src/tt_um_alu7b.v:49$52_Y.

64. Executing PEEPOPT pass (run peephole optimizers).

65. Executing OPT_CLEAN pass (remove unused cells and wires).
Finding unused cells or wires in module \tt_um_alu7b..
Removed 0 unused cells and 2 unused wires.
<suppressed ~1 debug messages>

66. Executing ALUMACC pass (create $alu and $macc cells).
Extracting $alu and $macc cells in module tt_um_alu7b:
  creating $macc model for $add$/foss/designs/Workshop_IC_Design_UTP/myBootcampChipV2/src/tt_um_alu7b.v:58$61 ($add).
  creating $macc model for $flatten\alu0.$add$/foss/designs/Workshop_IC_Design_UTP/myBootcampChipV2/src/alu_7b.v:12$64 ($add).
  creating $macc model for $flatten\alu0.$sub$/foss/designs/Workshop_IC_Design_UTP/myBootcampChipV2/src/alu_7b.v:16$68 ($sub).
  creating $macc model for $neg$/foss/designs/Workshop_IC_Design_UTP/myBootcampChipV2/src/tt_um_alu7b.v:45$28 ($neg).
  creating $macc model for $neg$/foss/designs/Workshop_IC_Design_UTP/myBootcampChipV2/src/tt_um_alu7b.v:47$41 ($neg).
  creating $macc model for $neg$/foss/designs/Workshop_IC_Design_UTP/myBootcampChipV2/src/tt_um_alu7b.v:49$52 ($neg).
  creating $macc model for $sub$/foss/designs/Workshop_IC_Design_UTP/myBootcampChipV2/src/tt_um_alu7b.v:47$40 ($sub).
  creating $macc model for $sub$/foss/designs/Workshop_IC_Design_UTP/myBootcampChipV2/src/tt_um_alu7b.v:49$51 ($sub).
  creating $alu model for $macc $sub$/foss/designs/Workshop_IC_Design_UTP/myBootcampChipV2/src/tt_um_alu7b.v:49$51.
  creating $alu model for $macc $sub$/foss/designs/Workshop_IC_Design_UTP/myBootcampChipV2/src/tt_um_alu7b.v:47$40.
  creating $alu model for $macc $neg$/foss/designs/Workshop_IC_Design_UTP/myBootcampChipV2/src/tt_um_alu7b.v:49$52.
  creating $alu model for $macc $neg$/foss/designs/Workshop_IC_Design_UTP/myBootcampChipV2/src/tt_um_alu7b.v:47$41.
  creating $alu model for $macc $neg$/foss/designs/Workshop_IC_Design_UTP/myBootcampChipV2/src/tt_um_alu7b.v:45$28.
  creating $alu model for $macc $flatten\alu0.$sub$/foss/designs/Workshop_IC_Design_UTP/myBootcampChipV2/src/alu_7b.v:16$68.
  creating $alu model for $macc $flatten\alu0.$add$/foss/designs/Workshop_IC_Design_UTP/myBootcampChipV2/src/alu_7b.v:12$64.
  creating $alu model for $macc $add$/foss/designs/Workshop_IC_Design_UTP/myBootcampChipV2/src/tt_um_alu7b.v:58$61.
  creating $alu model for $lt$/foss/designs/Workshop_IC_Design_UTP/myBootcampChipV2/src/tt_um_alu7b.v:44$21 ($lt): merged with $sub$/foss/designs/Workshop_IC_Design_UTP/myBootcampChipV2/src/tt_um_alu7b.v:47$40.
  creating $alu model for $lt$/foss/designs/Workshop_IC_Design_UTP/myBootcampChipV2/src/tt_um_alu7b.v:46$35 ($lt): merged with $sub$/foss/designs/Workshop_IC_Design_UTP/myBootcampChipV2/src/tt_um_alu7b.v:49$51.
  creating $alu model for $lt$/foss/designs/Workshop_IC_Design_UTP/myBootcampChipV2/src/tt_um_alu7b.v:48$48 ($lt): new $alu
  creating $alu model for $eq$/foss/designs/Workshop_IC_Design_UTP/myBootcampChipV2/src/tt_um_alu7b.v:50$59 ($eq): merged with $lt$/foss/designs/Workshop_IC_Design_UTP/myBootcampChipV2/src/tt_um_alu7b.v:48$48.
  creating $alu cell for $lt$/foss/designs/Workshop_IC_Design_UTP/myBootcampChipV2/src/tt_um_alu7b.v:48$48, $eq$/foss/designs/Workshop_IC_Design_UTP/myBootcampChipV2/src/tt_um_alu7b.v:50$59: $auto$alumacc.cc:512:replace_alu$247
  creating $alu cell for $add$/foss/designs/Workshop_IC_Design_UTP/myBootcampChipV2/src/tt_um_alu7b.v:58$61: $auto$alumacc.cc:512:replace_alu$254
  creating $alu cell for $flatten\alu0.$add$/foss/designs/Workshop_IC_Design_UTP/myBootcampChipV2/src/alu_7b.v:12$64: $auto$alumacc.cc:512:replace_alu$257
  creating $alu cell for $flatten\alu0.$sub$/foss/designs/Workshop_IC_Design_UTP/myBootcampChipV2/src/alu_7b.v:16$68: $auto$alumacc.cc:512:replace_alu$260
  creating $alu cell for $neg$/foss/designs/Workshop_IC_Design_UTP/myBootcampChipV2/src/tt_um_alu7b.v:45$28: $auto$alumacc.cc:512:replace_alu$263
  creating $alu cell for $neg$/foss/designs/Workshop_IC_Design_UTP/myBootcampChipV2/src/tt_um_alu7b.v:47$41: $auto$alumacc.cc:512:replace_alu$266
  creating $alu cell for $neg$/foss/designs/Workshop_IC_Design_UTP/myBootcampChipV2/src/tt_um_alu7b.v:49$52: $auto$alumacc.cc:512:replace_alu$269
  creating $alu cell for $sub$/foss/designs/Workshop_IC_Design_UTP/myBootcampChipV2/src/tt_um_alu7b.v:47$40, $lt$/foss/designs/Workshop_IC_Design_UTP/myBootcampChipV2/src/tt_um_alu7b.v:44$21: $auto$alumacc.cc:512:replace_alu$272
  creating $alu cell for $sub$/foss/designs/Workshop_IC_Design_UTP/myBootcampChipV2/src/tt_um_alu7b.v:49$51, $lt$/foss/designs/Workshop_IC_Design_UTP/myBootcampChipV2/src/tt_um_alu7b.v:46$35: $auto$alumacc.cc:512:replace_alu$277
  created 9 $alu and 0 $macc cells.

67. Executing SHARE pass (SAT-based resource sharing).

68. Executing OPT_EXPR pass (perform const folding).
Optimizing module tt_um_alu7b.
<suppressed ~7 debug messages>

69. Executing OPT_MERGE pass (detect identical cells).
Finding identical cells in module `\tt_um_alu7b'.
Computing hashes of 52 cells of `\tt_um_alu7b'.
Finding duplicate cells in `\tt_um_alu7b'.
Removed a total of 0 cells.

70. Executing OPT_MUXTREE pass (detect dead branches in mux trees).
Running muxtree optimizer on module \tt_um_alu7b..
  Creating internal representation of mux trees.
  Evaluating internal representation of mux trees.
  Analyzing evaluation results.
Removed 0 multiplexer ports.
<suppressed ~9 debug messages>

71. Executing OPT_REDUCE pass (consolidate $*mux and $reduce_* inputs).
  Optimizing cells in module \tt_um_alu7b.
    New input vector for $reduce_and cell $auto$opt_dff.cc:252:make_patterns_logic$230: { $auto$alumacc.cc:528:replace_alu$248 $auto$alumacc.cc:529:replace_alu$249 [4] $auto$alumacc.cc:529:replace_alu$274 [5] $auto$alumacc.cc:529:replace_alu$279 [5] }
  Optimizing cells in module \tt_um_alu7b.
Performed a total of 1 changes.

72. Executing OPT_MERGE pass (detect identical cells).
Finding identical cells in module `\tt_um_alu7b'.
Computing hashes of 52 cells of `\tt_um_alu7b'.
Finding duplicate cells in `\tt_um_alu7b'.
Removed a total of 0 cells.

73. Executing OPT_DFF pass (perform DFF optimizations).

74. Executing OPT_CLEAN pass (remove unused cells and wires).
Finding unused cells or wires in module \tt_um_alu7b..
Removed 1 unused cells and 8 unused wires.
<suppressed ~2 debug messages>

75. Executing OPT_EXPR pass (perform const folding).
Optimizing module tt_um_alu7b.

76. Rerunning OPT passes. (Maybe there is more to do…)

77. Executing OPT_MUXTREE pass (detect dead branches in mux trees).
Running muxtree optimizer on module \tt_um_alu7b..
  Creating internal representation of mux trees.
  Evaluating internal representation of mux trees.
  Analyzing evaluation results.
Removed 0 multiplexer ports.
<suppressed ~9 debug messages>

78. Executing OPT_REDUCE pass (consolidate $*mux and $reduce_* inputs).
  Optimizing cells in module \tt_um_alu7b.
Performed a total of 0 changes.

79. Executing OPT_MERGE pass (detect identical cells).
Finding identical cells in module `\tt_um_alu7b'.
Computing hashes of 51 cells of `\tt_um_alu7b'.
Finding duplicate cells in `\tt_um_alu7b'.
Removed a total of 0 cells.

80. Executing OPT_DFF pass (perform DFF optimizations).

81. Executing OPT_CLEAN pass (remove unused cells and wires).
Finding unused cells or wires in module \tt_um_alu7b..

82. Executing OPT_EXPR pass (perform const folding).
Optimizing module tt_um_alu7b.

83. Executing MEMORY pass.

83.1. Executing OPT_MEM pass (optimize memories).
Performed a total of 0 transformations.

83.2. Executing OPT_MEM_PRIORITY pass (removing unnecessary memory write priority relations).
Performed a total of 0 transformations.

83.3. Executing OPT_MEM_FEEDBACK pass (finding memory read-to-write feedback paths).

83.4. Executing MEMORY_BMUX2ROM pass (converting muxes to ROMs).

83.5. Executing MEMORY_DFF pass (merging $dff cells to $memrd).

83.6. Executing OPT_CLEAN pass (remove unused cells and wires).
Finding unused cells or wires in module \tt_um_alu7b..

83.7. Executing MEMORY_SHARE pass (consolidating $memrd/$memwr cells).

83.8. Executing OPT_MEM_WIDEN pass (optimize memories where all ports are wide).
Performed a total of 0 transformations.

83.9. Executing OPT_CLEAN pass (remove unused cells and wires).
Finding unused cells or wires in module \tt_um_alu7b..

83.10. Executing MEMORY_COLLECT pass (generating $mem cells).

84. Executing OPT_CLEAN pass (remove unused cells and wires).
Finding unused cells or wires in module \tt_um_alu7b..

85. Executing OPT_EXPR pass (perform const folding).
Optimizing module tt_um_alu7b.
<suppressed ~5 debug messages>

86. Executing OPT_MERGE pass (detect identical cells).
Finding identical cells in module `\tt_um_alu7b'.
Computing hashes of 51 cells of `\tt_um_alu7b'.
Finding duplicate cells in `\tt_um_alu7b'.
Removed a total of 0 cells.

87. Executing OPT_DFF pass (perform DFF optimizations).

88. Executing OPT_CLEAN pass (remove unused cells and wires).
Finding unused cells or wires in module \tt_um_alu7b..
Removed 1 unused cells and 2 unused wires.
<suppressed ~2 debug messages>

89. Executing MEMORY_MAP pass (converting memories to logic and flip-flops).

90. Executing OPT_EXPR pass (perform const folding).
Optimizing module tt_um_alu7b.

91. Executing OPT_MERGE pass (detect identical cells).
Finding identical cells in module `\tt_um_alu7b'.
Computing hashes of 50 cells of `\tt_um_alu7b'.
Finding duplicate cells in `\tt_um_alu7b'.
Removed a total of 0 cells.

92. Executing OPT_MUXTREE pass (detect dead branches in mux trees).
Running muxtree optimizer on module \tt_um_alu7b..
  Creating internal representation of mux trees.
  Evaluating internal representation of mux trees.
  Analyzing evaluation results.
Removed 0 multiplexer ports.
<suppressed ~4 debug messages>

93. Executing OPT_REDUCE pass (consolidate $*mux and $reduce_* inputs).
  Optimizing cells in module \tt_um_alu7b.
Performed a total of 0 changes.

94. Executing OPT_MERGE pass (detect identical cells).
Finding identical cells in module `\tt_um_alu7b'.
Computing hashes of 50 cells of `\tt_um_alu7b'.
Finding duplicate cells in `\tt_um_alu7b'.
Removed a total of 0 cells.

95. Executing OPT_SHARE pass.
    Found cells that share an operand and can be merged by moving the $pmux $flatten\alu0.$procmux$155 in front of them:
        $auto$alumacc.cc:512:replace_alu$260
        $auto$alumacc.cc:512:replace_alu$257

96. Executing OPT_DFF pass (perform DFF optimizations).

97. Executing OPT_CLEAN pass (remove unused cells and wires).
Finding unused cells or wires in module \tt_um_alu7b..
Removed 0 unused cells and 6 unused wires.
<suppressed ~1 debug messages>

98. Executing OPT_EXPR pass (perform const folding).
Optimizing module tt_um_alu7b.
<suppressed ~1 debug messages>

99. Rerunning OPT passes. (Maybe there is more to do…)

100. Executing OPT_MUXTREE pass (detect dead branches in mux trees).
Running muxtree optimizer on module \tt_um_alu7b..
  Creating internal representation of mux trees.
  Evaluating internal representation of mux trees.
  Analyzing evaluation results.
Removed 0 multiplexer ports.
<suppressed ~6 debug messages>

101. Executing OPT_REDUCE pass (consolidate $*mux and $reduce_* inputs).
  Optimizing cells in module \tt_um_alu7b.
    New ctrl vector for $pmux cell $flatten\alu0.$procmux$155: { $flatten\alu0.$procmux$159_CMP $flatten\alu0.$procmux$158_CMP $flatten\alu0.$procmux$157_CMP $auto$opt_reduce.cc:137:opt_pmux$292 }
  Optimizing cells in module \tt_um_alu7b.
Performed a total of 1 changes.

102. Executing OPT_MERGE pass (detect identical cells).
Finding identical cells in module `\tt_um_alu7b'.
Computing hashes of 52 cells of `\tt_um_alu7b'.
Finding duplicate cells in `\tt_um_alu7b'.
Removed a total of 0 cells.

103. Executing OPT_SHARE pass.

104. Executing OPT_DFF pass (perform DFF optimizations).

105. Executing OPT_CLEAN pass (remove unused cells and wires).
Finding unused cells or wires in module \tt_um_alu7b..

106. Executing OPT_EXPR pass (perform const folding).
Optimizing module tt_um_alu7b.

107. Rerunning OPT passes. (Maybe there is more to do…)

108. Executing OPT_MUXTREE pass (detect dead branches in mux trees).
Running muxtree optimizer on module \tt_um_alu7b..
  Creating internal representation of mux trees.
  Evaluating internal representation of mux trees.
  Analyzing evaluation results.
Removed 0 multiplexer ports.
<suppressed ~6 debug messages>

109. Executing OPT_REDUCE pass (consolidate $*mux and $reduce_* inputs).
  Optimizing cells in module \tt_um_alu7b.
Performed a total of 0 changes.

110. Executing OPT_MERGE pass (detect identical cells).
Finding identical cells in module `\tt_um_alu7b'.
Computing hashes of 52 cells of `\tt_um_alu7b'.
Finding duplicate cells in `\tt_um_alu7b'.
Removed a total of 0 cells.

111. Executing OPT_SHARE pass.

112. Executing OPT_DFF pass (perform DFF optimizations).

113. Executing OPT_CLEAN pass (remove unused cells and wires).
Finding unused cells or wires in module \tt_um_alu7b..

114. Executing OPT_EXPR pass (perform const folding).
Optimizing module tt_um_alu7b.

115. Executing TECHMAP pass (map to technology primitives).

115.1. Executing Verilog-2005 frontend: /foss/tools/yosys/bin/../share/yosys/techmap.v
Parsing Verilog input from `/foss/tools/yosys/bin/../share/yosys/techmap.v' to AST representation.
Generating RTLIL representation for module `\_90_simplemap_bool_ops'.
Generating RTLIL representation for module `\_90_simplemap_reduce_ops'.
Generating RTLIL representation for module `\_90_simplemap_logic_ops'.
Generating RTLIL representation for module `\_90_simplemap_compare_ops'.
Generating RTLIL representation for module `\_90_simplemap_various'.
Generating RTLIL representation for module `\_90_simplemap_registers'.
Generating RTLIL representation for module `\_90_shift_ops_shr_shl_sshl_sshr'.
Generating RTLIL representation for module `\_90_shift_shiftx'.
Generating RTLIL representation for module `\_90_fa'.
Generating RTLIL representation for module `\_90_lcu_brent_kung'.
Generating RTLIL representation for module `\_90_alu'.
Generating RTLIL representation for module `\_90_macc'.
Generating RTLIL representation for module `\_90_alumacc'.
Generating RTLIL representation for module `$__div_mod_u'.
Generating RTLIL representation for module `$__div_mod_trunc'.
Generating RTLIL representation for module `\_90_div'.
Generating RTLIL representation for module `\_90_mod'.
Generating RTLIL representation for module `$__div_mod_floor'.
Generating RTLIL representation for module `\_90_divfloor'.
Generating RTLIL representation for module `\_90_modfloor'.
Generating RTLIL representation for module `\_90_pow'.
Generating RTLIL representation for module `\_90_pmux'.
Generating RTLIL representation for module `\_90_demux'.
Generating RTLIL representation for module `\_90_lut'.
Generating RTLIL representation for module `$connect'.
Generating RTLIL representation for module `$input_port'.
Successfully finished Verilog frontend.

115.2. Continuing TECHMAP pass.
Using extmapper simplemap for cells of type $reduce_or.
Using extmapper simplemap for cells of type $mux.
Running "alumacc" on wrapper $extern:wrap:$neg:A_SIGNED=0:A_WIDTH=8:Y_WIDTH=8:394426c56d1a028ba8fdd5469b163e04011def47.
Using template $extern:wrap:$neg:A_SIGNED=0:A_WIDTH=8:Y_WIDTH=8:394426c56d1a028ba8fdd5469b163e04011def47 for cells of type $extern:wrap:$neg:A_SIGNED=0:A_WIDTH=8:Y_WIDTH=8:394426c56d1a028ba8fdd5469b163e04011def47.
Using extmapper simplemap for cells of type $not.
Using template $paramod$d4760b7db19732bc184e1f25461b32f5548a347a\_90_alu for cells of type $alu.
Using template $paramod$94776bd03dbc019cf0bc609e2c7ceabda3082801\_90_alu for cells of type $alu.
Using template $paramod$99501223b6f7e5af250351eeb57edb5403a5ad0b\_90_alu for cells of type $alu.
Using template $paramod$9f3f81d189a6b1d5c738a580270bbb92e45c5c71\_90_alu for cells of type $alu.
Using template $paramod$dfca81329cbbac01700318224209a5f2318c7128\_90_alu for cells of type $alu.
Using template $paramod$672a140277c71df8314410f22acc08d55222c3c7\_90_alu for cells of type $alu.
Using extmapper simplemap for cells of type $reduce_and.
Using template $paramod$b18e16801adf491a64caa0542270798e5d4ac6b6\_90_alu for cells of type $alu.
Using extmapper simplemap for cells of type $adffe.
Using template $paramod$constmap:5ef7295d0984739c7ed9fefea597243a220988c4$paramod$5974a5198954761e047fe40a2bf76af6a67845fb\_90_shift_shiftx for cells of type $shift.
Using extmapper simplemap for cells of type $and.
Analyzing pattern of constant bits for this cell:
Creating constmapped module `$paramod$constmap:dd7b11963981eb2da7aa2686f4b4057a90273e56$paramod$5974a5198954761e047fe40a2bf76af6a67845fb\_90_shift_shiftx'.

115.24. Executing OPT_MUXTREE pass (detect dead branches in mux trees).
Running muxtree optimizer on module $paramod$constmap:dd7b11963981eb2da7aa2686f4b4057a90273e56$paramod$5974a5198954761e047fe40a2bf76af6a67845fb\_90_shift_shiftx..
  Creating internal representation of mux trees.
  Evaluating internal representation of mux trees.
  Analyzing evaluation results.
    dead port 2/2 on $mux $procmux$474.
    dead port 2/2 on $mux $procmux$468.
    dead port 2/2 on $mux $procmux$462.
    dead port 2/2 on $mux $procmux$456.
Removed 4 multiplexer ports.
<suppressed ~603 debug messages>

115.25. Executing OPT_EXPR pass (perform const folding).
Optimizing module $paramod$constmap:dd7b11963981eb2da7aa2686f4b4057a90273e56$paramod$5974a5198954761e047fe40a2bf76af6a67845fb\_90_shift_shiftx.
<suppressed ~3 debug messages>
Removed 0 unused cells and 9 unused wires.
Using template $paramod$constmap:dd7b11963981eb2da7aa2686f4b4057a90273e56$paramod$5974a5198954761e047fe40a2bf76af6a67845fb\_90_shift_shiftx for cells of type $shift.
Using extmapper simplemap for cells of type $or.
Using template $paramod$constmap:d5cef534503bb5585896238eec2c5fa65eeb5211$paramod$97cc8a1bdd943c352e360b0a7c8d5f6bee091418\_90_shift_shiftx for cells of type $shift.
Analyzing pattern of constant bits for this cell:
Creating constmapped module `$paramod$constmap:d1f1f5be790496f47cd40eb19747d521a0c542d5$paramod$97cc8a1bdd943c352e360b0a7c8d5f6bee091418\_90_shift_shiftx'.

115.31. Executing OPT_MUXTREE pass (detect dead branches in mux trees).
Running muxtree optimizer on module $paramod$constmap:d1f1f5be790496f47cd40eb19747d521a0c542d5$paramod$97cc8a1bdd943c352e360b0a7c8d5f6bee091418\_90_shift_shiftx..
  Creating internal representation of mux trees.
  Evaluating internal representation of mux trees.
  Analyzing evaluation results.
    dead port 2/2 on $mux $procmux$562.
    dead port 2/2 on $mux $procmux$556.
    dead port 2/2 on $mux $procmux$550.
    dead port 2/2 on $mux $procmux$544.
Removed 4 multiplexer ports.
<suppressed ~494 debug messages>

115.32. Executing OPT_EXPR pass (perform const folding).
Optimizing module $paramod$constmap:d1f1f5be790496f47cd40eb19747d521a0c542d5$paramod$97cc8a1bdd943c352e360b0a7c8d5f6bee091418\_90_shift_shiftx.
<suppressed ~30 debug messages>
Removed 0 unused cells and 9 unused wires.
Using template $paramod$constmap:d1f1f5be790496f47cd40eb19747d521a0c542d5$paramod$97cc8a1bdd943c352e360b0a7c8d5f6bee091418\_90_shift_shiftx for cells of type $shift.
Using template $paramod$constmap:ae2eb4ba9897dacbedb4558d6dc0c80e7e239b20$paramod$7fd672e7a6cb1617ac8b51145594bbfd9a543875\_90_shift_shiftx for cells of type $shift.
Analyzing pattern of constant bits for this cell:
Creating constmapped module `$paramod$constmap:f92ab7cd6fa7756dad9b01ce722b51ca1f7823f6$paramod$7fd672e7a6cb1617ac8b51145594bbfd9a543875\_90_shift_shiftx'.

115.38. Executing OPT_MUXTREE pass (detect dead branches in mux trees).
Running muxtree optimizer on module $paramod$constmap:f92ab7cd6fa7756dad9b01ce722b51ca1f7823f6$paramod$7fd672e7a6cb1617ac8b51145594bbfd9a543875\_90_shift_shiftx..
  Creating internal representation of mux trees.
  Evaluating internal representation of mux trees.
  Analyzing evaluation results.
    dead port 2/2 on $mux $procmux$726.
    dead port 2/2 on $mux $procmux$720.
    dead port 2/2 on $mux $procmux$714.
Removed 3 multiplexer ports.
<suppressed ~423 debug messages>

115.39. Executing OPT_EXPR pass (perform const folding).
Optimizing module $paramod$constmap:f92ab7cd6fa7756dad9b01ce722b51ca1f7823f6$paramod$7fd672e7a6cb1617ac8b51145594bbfd9a543875\_90_shift_shiftx.
<suppressed ~31 debug messages>
Removed 0 unused cells and 9 unused wires.
Using template $paramod$constmap:f92ab7cd6fa7756dad9b01ce722b51ca1f7823f6$paramod$7fd672e7a6cb1617ac8b51145594bbfd9a543875\_90_shift_shiftx for cells of type $shift.
Using extmapper simplemap for cells of type $adff.
Using extmapper simplemap for cells of type $logic_not.
Using extmapper simplemap for cells of type $eq.
Using template $paramod$ee721315a7b0169d82611b9aea01747035b97792\_90_pmux for cells of type $pmux.
Using extmapper simplemap for cells of type $xor.
Using template $paramod$fd7bfb1a4f3a7c2ac1a35670d0fa64ccc7b91841\_90_alu for cells of type $alu.
Using template $paramod\_90_fa\WIDTH=32'00000000000000000000000000000101 for cells of type $fa.
Using template $paramod\_90_lcu_brent_kung\WIDTH=32'00000000000000000000000000000101 for cells of type $lcu.
Using extmapper simplemap for cells of type $pos.
Using template $paramod\_90_fa\WIDTH=32'00000000000000000000000000000110 for cells of type $fa.
Using template $paramod\_90_lcu_brent_kung\WIDTH=32'00000000000000000000000000000110 for cells of type $lcu.
Using template $paramod\_90_fa\WIDTH=32'00000000000000000000000000100001 for cells of type $fa.
Using template $paramod\_90_lcu_brent_kung\WIDTH=32'00000000000000000000000000100001 for cells of type $lcu.
Using template $paramod\_90_fa\WIDTH=32'00000000000000000000000000001000 for cells of type $fa.
Using template $paramod\_90_lcu_brent_kung\WIDTH=32'00000000000000000000000000001000 for cells of type $lcu.
Using extmapper simplemap for cells of type $ne.
No more expansions possible.
<suppressed ~1375 debug messages>

116. Executing OPT_EXPR pass (perform const folding).
Optimizing module tt_um_alu7b.
<suppressed ~1536 debug messages>

117. Executing OPT_MERGE pass (detect identical cells).
Finding identical cells in module `\tt_um_alu7b'.
Computing hashes of 929 cells of `\tt_um_alu7b'.
Finding duplicate cells in `\tt_um_alu7b'.
Computing hashes of 818 cells of `\tt_um_alu7b'.
Finding duplicate cells in `\tt_um_alu7b'.
Computing hashes of 779 cells of `\tt_um_alu7b'.
Finding duplicate cells in `\tt_um_alu7b'.
Computing hashes of 741 cells of `\tt_um_alu7b'.
Finding duplicate cells in `\tt_um_alu7b'.
Computing hashes of 725 cells of `\tt_um_alu7b'.
Finding duplicate cells in `\tt_um_alu7b'.
Computing hashes of 719 cells of `\tt_um_alu7b'.
Finding duplicate cells in `\tt_um_alu7b'.
Computing hashes of 717 cells of `\tt_um_alu7b'.
Finding duplicate cells in `\tt_um_alu7b'.
Computing hashes of 715 cells of `\tt_um_alu7b'.
Finding duplicate cells in `\tt_um_alu7b'.
Computing hashes of 713 cells of `\tt_um_alu7b'.
Finding duplicate cells in `\tt_um_alu7b'.
Computing hashes of 711 cells of `\tt_um_alu7b'.
Finding duplicate cells in `\tt_um_alu7b'.
Computing hashes of 709 cells of `\tt_um_alu7b'.
Finding duplicate cells in `\tt_um_alu7b'.
Computing hashes of 707 cells of `\tt_um_alu7b'.
Finding duplicate cells in `\tt_um_alu7b'.
Computing hashes of 705 cells of `\tt_um_alu7b'.
Finding duplicate cells in `\tt_um_alu7b'.
Computing hashes of 703 cells of `\tt_um_alu7b'.
Finding duplicate cells in `\tt_um_alu7b'.
Computing hashes of 701 cells of `\tt_um_alu7b'.
Finding duplicate cells in `\tt_um_alu7b'.
Computing hashes of 699 cells of `\tt_um_alu7b'.
Finding duplicate cells in `\tt_um_alu7b'.
Computing hashes of 697 cells of `\tt_um_alu7b'.
Finding duplicate cells in `\tt_um_alu7b'.
Computing hashes of 695 cells of `\tt_um_alu7b'.
Finding duplicate cells in `\tt_um_alu7b'.
Computing hashes of 693 cells of `\tt_um_alu7b'.
Finding duplicate cells in `\tt_um_alu7b'.
Computing hashes of 691 cells of `\tt_um_alu7b'.
Finding duplicate cells in `\tt_um_alu7b'.
Computing hashes of 689 cells of `\tt_um_alu7b'.
Finding duplicate cells in `\tt_um_alu7b'.
Computing hashes of 687 cells of `\tt_um_alu7b'.
Finding duplicate cells in `\tt_um_alu7b'.
Computing hashes of 685 cells of `\tt_um_alu7b'.
Finding duplicate cells in `\tt_um_alu7b'.
Computing hashes of 683 cells of `\tt_um_alu7b'.
Finding duplicate cells in `\tt_um_alu7b'.
Computing hashes of 681 cells of `\tt_um_alu7b'.
Finding duplicate cells in `\tt_um_alu7b'.
Computing hashes of 679 cells of `\tt_um_alu7b'.
Finding duplicate cells in `\tt_um_alu7b'.
Computing hashes of 677 cells of `\tt_um_alu7b'.
Finding duplicate cells in `\tt_um_alu7b'.
Computing hashes of 675 cells of `\tt_um_alu7b'.
Finding duplicate cells in `\tt_um_alu7b'.
Computing hashes of 673 cells of `\tt_um_alu7b'.
Finding duplicate cells in `\tt_um_alu7b'.
Computing hashes of 672 cells of `\tt_um_alu7b'.
Finding duplicate cells in `\tt_um_alu7b'.
<suppressed ~771 debug messages>
Removed a total of 257 cells.

118. Executing OPT_DFF pass (perform DFF optimizations).

119. Executing OPT_CLEAN pass (remove unused cells and wires).
Finding unused cells or wires in module \tt_um_alu7b..
Removed 81 unused cells and 1021 unused wires.
<suppressed ~82 debug messages>

120. Executing OPT_EXPR pass (perform const folding).
Optimizing module tt_um_alu7b.

121. Executing OPT_MERGE pass (detect identical cells).
Finding identical cells in module `\tt_um_alu7b'.
Computing hashes of 591 cells of `\tt_um_alu7b'.
Finding duplicate cells in `\tt_um_alu7b'.
Removed a total of 0 cells.

122. Executing OPT_DFF pass (perform DFF optimizations).

123. Executing OPT_CLEAN pass (remove unused cells and wires).
Finding unused cells or wires in module \tt_um_alu7b..

124. Executing ABC pass (technology mapping using ABC).

124.1. Extracting gate netlist of module `\tt_um_alu7b' to `<abc-temp-dir>/input.blif'..

124.1.1. Executed ABC.
Extracted 559 gates and 583 wires to a netlist network with 23 inputs and 35 outputs.
Running ABC script: <abc-temp-dir>/abc.script
ABC: UC Berkeley, ABC 1.01 (compiled Feb 14 2026 00:59:35)
ABC: abc 01> empty
ABC: abc 01> source <abc-temp-dir>/abc.script
ABC: + read_blif <abc-temp-dir>/input.blif 
ABC: + read_library /tmp/yosys-abc-bNHMhr/stdcells.genlib 
ABC: + strash 
ABC: + dretime 
ABC: + map 
ABC: + write_blif <abc-temp-dir>/output.blif 
ABC: 
ABC: YOSYS_ABC_DONE 

124.1.2. Re-integrating ABC results.
ABC RESULTS:               AND cells:       13
ABC RESULTS:            ANDNOT cells:      155
ABC RESULTS:               MUX cells:        6
ABC RESULTS:              NAND cells:       17
ABC RESULTS:               NOR cells:       18
ABC RESULTS:               NOT cells:       23
ABC RESULTS:                OR cells:      173
ABC RESULTS:             ORNOT cells:       20
ABC RESULTS:              XNOR cells:        9
ABC RESULTS:               XOR cells:       62
ABC RESULTS:        internal signals:      525
ABC RESULTS:           input signals:       23
ABC RESULTS:          output signals:       35
Removing temp directory.
Removing global temp directory.

125. Executing OPT pass (performing simple optimizations).

125.1. Executing OPT_EXPR pass (perform const folding).
Optimizing module tt_um_alu7b.
<suppressed ~7 debug messages>

125.2. Executing OPT_MERGE pass (detect identical cells).
Finding identical cells in module `\tt_um_alu7b'.
Computing hashes of 528 cells of `\tt_um_alu7b'.
Finding duplicate cells in `\tt_um_alu7b'.
Computing hashes of 514 cells of `\tt_um_alu7b'.
Finding duplicate cells in `\tt_um_alu7b'.
Computing hashes of 504 cells of `\tt_um_alu7b'.
Finding duplicate cells in `\tt_um_alu7b'.
Computing hashes of 500 cells of `\tt_um_alu7b'.
Finding duplicate cells in `\tt_um_alu7b'.
Computing hashes of 496 cells of `\tt_um_alu7b'.
Finding duplicate cells in `\tt_um_alu7b'.
<suppressed ~96 debug messages>
Removed a total of 32 cells.

125.3. Executing OPT_DFF pass (perform DFF optimizations).

125.4. Executing OPT_CLEAN pass (remove unused cells and wires).
Finding unused cells or wires in module \tt_um_alu7b..
Removed 0 unused cells and 287 unused wires.
<suppressed ~1 debug messages>

125.5. Finished fast OPT passes.

126. Executing HIERARCHY pass (managing design hierarchy).

126.1. Analyzing design hierarchy..
Top module:  \tt_um_alu7b

126.2. Analyzing design hierarchy..
Top module:  \tt_um_alu7b
Removed 0 unused modules.

127. Executing CHECK pass (checking for obvious problems).
Checking module tt_um_alu7b...
Found and reported 0 problems.

128. Printing statistics.

=== tt_um_alu7b ===

        +----------Local Count, excluding submodules.
        | 
      473 wires
      597 wire bits
       21 public wires
      109 public wire bits
        8 ports
       43 port bits
      496 cells
      153   $_ANDNOT_
       13   $_AND_
       25   $_DFFE_PN0P_
        6   $_DFF_PN0_
        6   $_MUX_
       16   $_NAND_
       16   $_NOR_
       23   $_NOT_
       20   $_ORNOT_
      161   $_OR_
        9   $_XNOR_
       47   $_XOR_
        1   $scopeinfo

129. Generating Graphviz representation of design.
Writing dot description to `/foss/designs/Workshop_IC_Design_UTP/myBootcampChipV2/runs/RUN_2026-04-20_04-22-38/06-yosys-synthesis/primitive_techmap.dot'.
Dumping module tt_um_alu7b to page 1.

130. Executing OPT pass (performing simple optimizations).

130.1. Executing OPT_EXPR pass (perform const folding).
Optimizing module tt_um_alu7b.

130.2. Executing OPT_MERGE pass (detect identical cells).
Finding identical cells in module `\tt_um_alu7b'.
Computing hashes of 496 cells of `\tt_um_alu7b'.
Finding duplicate cells in `\tt_um_alu7b'.
Removed a total of 0 cells.

130.3. Executing OPT_MUXTREE pass (detect dead branches in mux trees).
Running muxtree optimizer on module \tt_um_alu7b..
  Creating internal representation of mux trees.
  No muxes found in this module.
Removed 0 multiplexer ports.

130.4. Executing OPT_REDUCE pass (consolidate $*mux and $reduce_* inputs).
  Optimizing cells in module \tt_um_alu7b.
Performed a total of 0 changes.

130.5. Executing OPT_MERGE pass (detect identical cells).
Finding identical cells in module `\tt_um_alu7b'.
Computing hashes of 496 cells of `\tt_um_alu7b'.
Finding duplicate cells in `\tt_um_alu7b'.
Removed a total of 0 cells.

130.6. Executing OPT_DFF pass (perform DFF optimizations).

130.7. Executing OPT_CLEAN pass (remove unused cells and wires).
Finding unused cells or wires in module \tt_um_alu7b..

130.8. Executing OPT_EXPR pass (perform const folding).
Optimizing module tt_um_alu7b.

130.9. Finished fast OPT passes. (There is nothing left to do.)

131. Executing OPT_CLEAN pass (remove unused cells and wires).
Finding unused cells or wires in module \tt_um_alu7b..
Removed 1 unused cells and 7 unused wires.
<suppressed ~8 debug messages>
{
   "creator": "Yosys 0.62 (git sha1 7326bb7d6, g++ 13.3.0-6ubuntu2~24.04 -fPIC -O3)",
   "invocation": "stat -json -liberty /foss/designs/Workshop_IC_Design_UTP/myBootcampChipV2/runs/RUN_2026-04-20_04-22-38/tmp/a3a0a7766d114b3b8aa9f3c1c561213c.lib ",
   "modules": {
      "\\tt_um_alu7b": {
         "num_wires":         466,
         "num_wire_bits":     562,
         "num_pub_wires":     14,
         "num_pub_wire_bits": 74,
         "num_ports":         8,
         "num_port_bits":     43,
         "num_memories":      0,
         "num_memory_bits":   0,
         "num_processes":     0,
         "num_cells":         495,
         "num_submodules":       0,
         "num_cells_by_type": {
            "$_ANDNOT_": 153,
            "$_AND_": 13,
            "$_DFFE_PN0P_": 25,
            "$_DFF_PN0_": 6,
            "$_MUX_": 6,
            "$_NAND_": 16,
            "$_NOR_": 16,
            "$_NOT_": 23,
            "$_ORNOT_": 20,
            "$_OR_": 161,
            "$_XNOR_": 9,
            "$_XOR_": 47
         }
      }
   },
      "design": {
         "num_wires":         466,
         "num_wire_bits":     562,
         "num_pub_wires":     14,
         "num_pub_wire_bits": 74,
         "num_ports":         8,
         "num_port_bits":     43,
         "num_memories":      0,
         "num_memory_bits":   0,
         "num_processes":     0,
         "num_cells":         495,
         "num_submodules":       0,
         "num_cells_by_type": {
            "$_ANDNOT_": 153,
            "$_AND_": 13,
            "$_DFFE_PN0P_": 25,
            "$_DFF_PN0_": 6,
            "$_MUX_": 6,
            "$_NAND_": 16,
            "$_NOR_": 16,
            "$_NOT_": 23,
            "$_ORNOT_": 20,
            "$_OR_": 161,
            "$_XNOR_": 9,
            "$_XOR_": 47
         }
      }
}

132. Printing statistics.

=== tt_um_alu7b ===

        +----------Local Count, excluding submodules.
        | 
      466 wires
      562 wire bits
       14 public wires
       74 public wire bits
        8 ports
       43 port bits
      495 cells
      153   $_ANDNOT_
       13   $_AND_
       25   $_DFFE_PN0P_
        6   $_DFF_PN0_
        6   $_MUX_
       16   $_NAND_
       16   $_NOR_
       23   $_NOT_
       20   $_ORNOT_
      161   $_OR_
        9   $_XNOR_
       47   $_XOR_

   Area for cell type $_ANDNOT_ is unknown!
   Area for cell type $_AND_ is unknown!
   Area for cell type $_DFFE_PN0P_ is unknown!
   Area for cell type $_DFF_PN0_ is unknown!
   Area for cell type $_MUX_ is unknown!
   Area for cell type $_NAND_ is unknown!
   Area for cell type $_NOR_ is unknown!
   Area for cell type $_NOT_ is unknown!
   Area for cell type $_ORNOT_ is unknown!
   Area for cell type $_OR_ is unknown!
   Area for cell type $_XNOR_ is unknown!
   Area for cell type $_XOR_ is unknown!

[INFO] Applying tri-state buffer mapping from '/foss/pdks/sky130A/libs.tech/openlane/sky130_fd_sc_hd/tribuff_map.v'…

133. Executing TECHMAP pass (map to technology primitives).

133.1. Executing Verilog-2005 frontend: /foss/pdks/sky130A/libs.tech/openlane/sky130_fd_sc_hd/tribuff_map.v
Parsing Verilog input from `/foss/pdks/sky130A/libs.tech/openlane/sky130_fd_sc_hd/tribuff_map.v' to AST representation.
Generating RTLIL representation for module `$_TBUF_'.
Successfully finished Verilog frontend.

133.2. Continuing TECHMAP pass.
No more expansions possible.
<suppressed ~3 debug messages>

134. Executing SIMPLEMAP pass (map simple cells to gate primitives).
[INFO] Applying latch mapping from '/foss/pdks/sky130A/libs.tech/openlane/sky130_fd_sc_hd/latch_map.v'…

135. Executing TECHMAP pass (map to technology primitives).

135.1. Executing Verilog-2005 frontend: /foss/pdks/sky130A/libs.tech/openlane/sky130_fd_sc_hd/latch_map.v
Parsing Verilog input from `/foss/pdks/sky130A/libs.tech/openlane/sky130_fd_sc_hd/latch_map.v' to AST representation.
Generating RTLIL representation for module `$_DLATCH_P_'.
Generating RTLIL representation for module `$_DLATCH_N_'.
Successfully finished Verilog frontend.

135.2. Continuing TECHMAP pass.
No more expansions possible.
<suppressed ~4 debug messages>

136. Executing SIMPLEMAP pass (map simple cells to gate primitives).

137. Executing DFFLIBMAP pass (mapping DFF cells to sequential cells from liberty file).
  cell sky130_fd_sc_hd__dfxtp_2 (noninv, pins=3, area=21.27) is a direct match for cell type $_DFF_P_.
  cell sky130_fd_sc_hd__dfrtp_2 (noninv, pins=4, area=26.28) is a direct match for cell type $_DFF_PN0_.
  cell sky130_fd_sc_hd__dfstp_2 (noninv, pins=4, area=26.28) is a direct match for cell type $_DFF_PN1_.
  cell sky130_fd_sc_hd__dfbbn_2 (noninv, pins=6, area=35.03) is a direct match for cell type $_DFFSR_NNN_.
  final dff cell mappings:
    unmapped dff cell: $_DFF_N_
    \sky130_fd_sc_hd__dfxtp_2 _DFF_P_ (.CLK( C), .D( D), .Q( Q));
    unmapped dff cell: $_DFF_NN0_
    unmapped dff cell: $_DFF_NN1_
    unmapped dff cell: $_DFF_NP0_
    unmapped dff cell: $_DFF_NP1_
    \sky130_fd_sc_hd__dfrtp_2 _DFF_PN0_ (.CLK( C), .D( D), .Q( Q), .RESET_B( R));
    \sky130_fd_sc_hd__dfstp_2 _DFF_PN1_ (.CLK( C), .D( D), .Q( Q), .SET_B( R));
    unmapped dff cell: $_DFF_PP0_
    unmapped dff cell: $_DFF_PP1_
    unmapped dff cell: $_DFFE_NN_
    unmapped dff cell: $_DFFE_NP_
    unmapped dff cell: $_DFFE_PN_
    unmapped dff cell: $_DFFE_PP_
    \sky130_fd_sc_hd__dfbbn_2 _DFFSR_NNN_ (.CLK_N( C), .D( D), .Q( Q), .Q_N(~Q), .RESET_B( R), .SET_B( S));
    unmapped dff cell: $_DFFSR_NNP_
    unmapped dff cell: $_DFFSR_NPN_
    unmapped dff cell: $_DFFSR_NPP_
    unmapped dff cell: $_DFFSR_PNN_
    unmapped dff cell: $_DFFSR_PNP_
    unmapped dff cell: $_DFFSR_PPN_
    unmapped dff cell: $_DFFSR_PPP_

137.1. Executing DFFLEGALIZE pass (convert FFs to types supported by the target).
Mapping DFF cells in module `\tt_um_alu7b':
  mapped 31 $_DFF_PN0_ cells to \sky130_fd_sc_hd__dfrtp_2 cells.
{
   "creator": "Yosys 0.62 (git sha1 7326bb7d6, g++ 13.3.0-6ubuntu2~24.04 -fPIC -O3)",
   "invocation": "stat -json -liberty /foss/designs/Workshop_IC_Design_UTP/myBootcampChipV2/runs/RUN_2026-04-20_04-22-38/tmp/a3a0a7766d114b3b8aa9f3c1c561213c.lib ",
   "modules": {
      "\\tt_um_alu7b": {
         "num_wires":         491,
         "num_wire_bits":     587,
         "num_pub_wires":     14,
         "num_pub_wire_bits": 74,
         "num_ports":         8,
         "num_port_bits":     43,
         "num_memories":      0,
         "num_memory_bits":   0,
         "num_processes":     0,
         "num_cells":         520,
         "num_submodules":       0,
         "area":              814.531200,
         "sequential_area":    814.531200,
         "num_cells_by_type": {
            "$_ANDNOT_": 153,
            "$_AND_": 13,
            "$_MUX_": 31,
            "$_NAND_": 16,
            "$_NOR_": 16,
            "$_NOT_": 23,
            "$_ORNOT_": 20,
            "$_OR_": 161,
            "$_XNOR_": 9,
            "$_XOR_": 47,
            "sky130_fd_sc_hd__dfrtp_2": 31
         }
      }
   },
      "design": {
         "num_wires":         491,
         "num_wire_bits":     587,
         "num_pub_wires":     14,
         "num_pub_wire_bits": 74,
         "num_ports":         8,
         "num_port_bits":     43,
         "num_memories":      0,
         "num_memory_bits":   0,
         "num_processes":     0,
         "num_cells":         520,
         "num_submodules":       0,
         "area":              814.531200,
         "sequential_area":    814.531200,
         "num_cells_by_type": {
            "$_ANDNOT_": 153,
            "$_AND_": 13,
            "$_MUX_": 31,
            "$_NAND_": 16,
            "$_NOR_": 16,
            "$_NOT_": 23,
            "$_ORNOT_": 20,
            "$_OR_": 161,
            "$_XNOR_": 9,
            "$_XOR_": 47,
            "sky130_fd_sc_hd__dfrtp_2": 31
         }
      }
}

138. Printing statistics.

=== tt_um_alu7b ===

        +----------Local Count, excluding submodules.
        |        +-Local Area, excluding submodules.
        |        | 
      491        - wires
      587        - wire bits
       14        - public wires
       74        - public wire bits
        8        - ports
       43        - port bits
      520  814.531 cells
      153        -   $_ANDNOT_
       13        -   $_AND_
       31        -   $_MUX_
       16        -   $_NAND_
       16        -   $_NOR_
       23        -   $_NOT_
       20        -   $_ORNOT_
      161        -   $_OR_
        9        -   $_XNOR_
       47        -   $_XOR_
       31  814.531   sky130_fd_sc_hd__dfrtp_2

   Area for cell type $_ANDNOT_ is unknown!
   Area for cell type $_AND_ is unknown!
   Area for cell type $_MUX_ is unknown!
   Area for cell type $_NAND_ is unknown!
   Area for cell type $_NOR_ is unknown!
   Area for cell type $_NOT_ is unknown!
   Area for cell type $_ORNOT_ is unknown!
   Area for cell type $_OR_ is unknown!
   Area for cell type $_XNOR_ is unknown!
   Area for cell type $_XOR_ is unknown!

   Chip area for module '\tt_um_alu7b': 814.531200
     of which used for sequential elements: 814.531200 (100.00%)

[INFO] Using generated ABC script '/foss/designs/Workshop_IC_Design_UTP/myBootcampChipV2/runs/RUN_2026-04-20_04-22-38/06-yosys-synthesis/AREA_0.abc'…

139. Executing ABC pass (technology mapping using ABC).

139.1. Extracting gate netlist of module `\tt_um_alu7b' to `/tmp/yosys-abc-zPjWnw/input.blif'..

139.1.1. Executed ABC.
Extracted 489 gates and 520 wires to a netlist network with 31 inputs and 31 outputs.
Running ABC script: /tmp/yosys-abc-zPjWnw/abc.script
ABC: UC Berkeley, ABC 1.01 (compiled Feb 14 2026 00:59:35)
ABC: abc 01> empty
ABC: abc 01> source /tmp/yosys-abc-zPjWnw/abc.script
ABC: + read_blif /tmp/yosys-abc-zPjWnw/input.blif 
ABC: + read_lib -w /foss/designs/Workshop_IC_Design_UTP/myBootcampChipV2/runs/RUN_2026-04-20_04-22-38/tmp/a3a0a7766d114b3b8aa9f3c1c561213c.lib 
ABC: Parsing finished successfully.  Parsing time =     0.24 sec
ABC: Scl_LibertyReadGenlib() skipped sequential cell "sky130_fd_sc_hd__dfbbn_2".
ABC: Scl_LibertyReadGenlib() skipped sequential cell "sky130_fd_sc_hd__dfrbp_2".
ABC: Scl_LibertyReadGenlib() skipped sequential cell "sky130_fd_sc_hd__dfrtp_2".
ABC: Scl_LibertyReadGenlib() skipped sequential cell "sky130_fd_sc_hd__dfrtp_4".
ABC: Scl_LibertyReadGenlib() skipped sequential cell "sky130_fd_sc_hd__dfsbp_2".
ABC: Scl_LibertyReadGenlib() skipped sequential cell "sky130_fd_sc_hd__dfstp_2".
ABC: Scl_LibertyReadGenlib() skipped sequential cell "sky130_fd_sc_hd__dfstp_4".
ABC: Scl_LibertyReadGenlib() skipped sequential cell "sky130_fd_sc_hd__dfxbp_2".
ABC: Scl_LibertyReadGenlib() skipped sequential cell "sky130_fd_sc_hd__dfxtp_2".
ABC: Scl_LibertyReadGenlib() skipped sequential cell "sky130_fd_sc_hd__dfxtp_4".
ABC: Scl_LibertyReadGenlib() skipped sequential cell "sky130_fd_sc_hd__dlxtn_1".
ABC: Scl_LibertyReadGenlib() skipped sequential cell "sky130_fd_sc_hd__dlxtn_2".
ABC: Scl_LibertyReadGenlib() skipped sequential cell "sky130_fd_sc_hd__dlxtn_4".
ABC: Scl_LibertyReadGenlib() skipped sequential cell "sky130_fd_sc_hd__dlxtp_1".
ABC: Scl_LibertyReadGenlib() skipped three-state cell "sky130_fd_sc_hd__ebufn_2".
ABC: Scl_LibertyReadGenlib() skipped three-state cell "sky130_fd_sc_hd__ebufn_4".
ABC: Scl_LibertyReadGenlib() skipped three-state cell "sky130_fd_sc_hd__ebufn_8".
ABC: Library "sky130_fd_sc_hd__tt_025C_1v80" from "/foss/designs/Workshop_IC_Design_UTP/myBootcampChipV2/runs/RUN_2026-04-20_04-22-38/tmp/a3a0a7766d114b3b8aa9f3c1c561213c.lib" has 175 cells (17 skipped: 14 seq; 3 tri-state; 0 no func; 0 dont_use; 0 with 2 outputs; 0 with 3+ outputs).  Time =     0.29 sec
ABC: Memory =    9.54 MB. Time =     0.29 sec
ABC: Warning: Detected 2 multi-output cells (for example, "sky130_fd_sc_hd__fa_1").
ABC: + read_constr -v /foss/designs/Workshop_IC_Design_UTP/myBootcampChipV2/runs/RUN_2026-04-20_04-22-38/06-yosys-synthesis/synthesis.abc.sdc 
ABC: Setting driving cell to be "sky130_fd_sc_hd__inv_2/Y".
ABC: Setting output load to be 33.442001.
ABC: + source /foss/designs/Workshop_IC_Design_UTP/myBootcampChipV2/runs/RUN_2026-04-20_04-22-38/06-yosys-synthesis/AREA_0.abc 
ABC: Error: The network is combinational.
ABC: Cannot find the default PI driving cell (sky130_fd_sc_hd__inv_2/Y) in the library.
ABC: WireLoad = "none"  Gates =    155 (  5.2 %)   Cap = 12.5 ff (  4.0 %)   Area =     1387.58 ( 83.2 %)   Delay =  3268.18 ps  (  6.5 %)               
ABC: Path  0 --      21 : 0   10 pi                        A =   0.00  Df =   0.0   -0.0 ps  S =   0.0 ps  Cin =  0.0 ff  Cout =  36.3 ff  Cmax =   0.0 ff  G =    0  
ABC: Path  1 --     137 : 3    7 sky130_fd_sc_hd__or3b_2   A =   8.76  Df = 533.2 -286.5 ps  S = 142.2 ps  Cin =  1.5 ff  Cout =  23.2 ff  Cmax = 269.2 ff  G = 1482  
ABC: Path  2 --     138 : 3    2 sky130_fd_sc_hd__and3_2   A =   7.51  Df = 780.8 -337.3 ps  S =  50.2 ps  Cin =  1.5 ff  Cout =   4.1 ff  Cmax = 309.5 ff  G =  266  
ABC: Path  3 --     141 : 3    2 sky130_fd_sc_hd__or3_2    A =   7.51  Df =1243.6 -409.5 ps  S =  91.4 ps  Cin =  1.5 ff  Cout =   7.2 ff  Cmax = 310.4 ff  G =  452  
ABC: Path  4 --     150 : 3    2 sky130_fd_sc_hd__a21o_2   A =   8.76  Df =1477.1 -515.7 ps  S =  47.8 ps  Cin =  2.4 ff  Cout =   6.6 ff  Cmax = 309.5 ff  G =  267  
ABC: Path  5 --     155 : 2    5 sky130_fd_sc_hd__and2_2   A =   7.51  Df =1670.0 -412.3 ps  S =  89.1 ps  Cin =  1.5 ff  Cout =  14.0 ff  Cmax = 303.0 ff  G =  899  
ABC: Path  6 --     182 : 5    4 sky130_fd_sc_hd__o311a_2  A =  11.26  Df =2080.9 -601.9 ps  S =  92.5 ps  Cin =  2.4 ff  Cout =  13.6 ff  Cmax = 293.9 ff  G =  544  
ABC: Path  7 --     209 : 5    3 sky130_fd_sc_hd__o311ai_2 A =  16.27  Df =2369.6 -758.6 ps  S = 251.8 ps  Cin =  4.4 ff  Cout =   5.8 ff  Cmax =  82.4 ff  G =  126  
ABC: Path  8 --     215 : 4    1 sky130_fd_sc_hd__or4bb_2  A =  12.51  Df =2908.4-1113.0 ps  S =  90.2 ps  Cin =  1.5 ff  Cout =   2.4 ff  Cmax = 312.2 ff  G =  157  
ABC: Path  9 --     217 : 5    1 sky130_fd_sc_hd__a32o_2   A =  11.26  Df =3268.2 -405.2 ps  S = 207.6 ps  Cin =  2.3 ff  Cout =  33.4 ff  Cmax = 264.6 ff  G = 1430  
ABC: Start-point = pi20 (\alu0.op [0]).  End-point = po30 ($auto$rtlil.cc:3583:MuxGate$4453).
ABC: netlist                       : i/o =   31/   31  lat =    0  nd =   155  edge =    455  area =1387.80  delay = 9.00  lev = 9
ABC: + write_blif /tmp/yosys-abc-zPjWnw/output.blif 
ABC:                                                                                
ABC: YOSYS_ABC_DONE 

139.1.2. Re-integrating ABC results.
ABC RESULTS:   sky130_fd_sc_hd__a211o_2 cells:        1
ABC RESULTS:   sky130_fd_sc_hd__a211oi_2 cells:        1
ABC RESULTS:   sky130_fd_sc_hd__a21o_2 cells:        2
ABC RESULTS:   sky130_fd_sc_hd__a21oi_2 cells:        5
ABC RESULTS:   sky130_fd_sc_hd__a221o_2 cells:        1
ABC RESULTS:   sky130_fd_sc_hd__a22o_2 cells:        1
ABC RESULTS:   sky130_fd_sc_hd__a2bb2o_2 cells:        2
ABC RESULTS:   sky130_fd_sc_hd__a311o_2 cells:        2
ABC RESULTS:   sky130_fd_sc_hd__a31o_2 cells:        9
ABC RESULTS:   sky130_fd_sc_hd__a32o_2 cells:        5
ABC RESULTS:   sky130_fd_sc_hd__and2_2 cells:        6
ABC RESULTS:   sky130_fd_sc_hd__and2b_2 cells:        1
ABC RESULTS:   sky130_fd_sc_hd__and3_2 cells:        5
ABC RESULTS:   sky130_fd_sc_hd__inv_2 cells:        8
ABC RESULTS:   sky130_fd_sc_hd__mux2_1 cells:       15
ABC RESULTS:   sky130_fd_sc_hd__nand2_2 cells:        8
ABC RESULTS:   sky130_fd_sc_hd__nand2b_2 cells:        3
ABC RESULTS:   sky130_fd_sc_hd__nand3_2 cells:        4
ABC RESULTS:   sky130_fd_sc_hd__nor2_2 cells:       11
ABC RESULTS:   sky130_fd_sc_hd__nor3_2 cells:        4
ABC RESULTS:   sky130_fd_sc_hd__o211a_2 cells:        4
ABC RESULTS:   sky130_fd_sc_hd__o21a_2 cells:        6
ABC RESULTS:   sky130_fd_sc_hd__o21ai_2 cells:        7
ABC RESULTS:   sky130_fd_sc_hd__o21ba_2 cells:        1
ABC RESULTS:   sky130_fd_sc_hd__o22a_2 cells:        1
ABC RESULTS:   sky130_fd_sc_hd__o2bb2a_2 cells:        3
ABC RESULTS:   sky130_fd_sc_hd__o311a_2 cells:        2
ABC RESULTS:   sky130_fd_sc_hd__o311ai_2 cells:        1
ABC RESULTS:   sky130_fd_sc_hd__o31a_2 cells:        2
ABC RESULTS:   sky130_fd_sc_hd__or2_2 cells:       10
ABC RESULTS:   sky130_fd_sc_hd__or3_2 cells:        7
ABC RESULTS:   sky130_fd_sc_hd__or3b_2 cells:        4
ABC RESULTS:   sky130_fd_sc_hd__or4_2 cells:        5
ABC RESULTS:   sky130_fd_sc_hd__or4bb_2 cells:        1
ABC RESULTS:   sky130_fd_sc_hd__xnor2_2 cells:        4
ABC RESULTS:   sky130_fd_sc_hd__xor2_2 cells:        3
ABC RESULTS:        internal signals:      458
ABC RESULTS:           input signals:       31
ABC RESULTS:          output signals:       31
Removing temp directory.
Removing global temp directory.

140. Executing SETUNDEF pass (replace undef values with defined constants).

141. Executing HILOMAP pass (mapping to constant drivers).

142. Executing SPLITNETS pass (splitting up multi-bit signals).

143. Executing OPT_CLEAN pass (remove unused cells and wires).
Finding unused cells or wires in module \tt_um_alu7b..
Removed 1 unused cells and 568 unused wires.
<suppressed ~10 debug messages>

144. Executing INSBUF pass (insert buffer cells for connected wires).
Add tt_um_alu7b/$auto$insbuf.cc:97:execute$4642: \done -> \uio_out [0]

145. Executing CHECK pass (checking for obvious problems).
Checking module tt_um_alu7b...
Found and reported 0 problems.
{
   "creator": "Yosys 0.62 (git sha1 7326bb7d6, g++ 13.3.0-6ubuntu2~24.04 -fPIC -O3)",
   "invocation": "stat -json -liberty /foss/designs/Workshop_IC_Design_UTP/myBootcampChipV2/runs/RUN_2026-04-20_04-22-38/tmp/a3a0a7766d114b3b8aa9f3c1c561213c.lib ",
   "modules": {
      "\\tt_um_alu7b": {
         "num_wires":         186,
         "num_wire_bits":     221,
         "num_pub_wires":     31,
         "num_pub_wire_bits": 66,
         "num_ports":         8,
         "num_port_bits":     43,
         "num_memories":      0,
         "num_memory_bits":   0,
         "num_processes":     0,
         "num_cells":         202,
         "num_submodules":       0,
         "area":              2263.420800,
         "sequential_area":    814.531200,
         "num_cells_by_type": {
            "sky130_fd_sc_hd__a211o_2": 1,
            "sky130_fd_sc_hd__a211oi_2": 1,
            "sky130_fd_sc_hd__a21o_2": 2,
            "sky130_fd_sc_hd__a21oi_2": 5,
            "sky130_fd_sc_hd__a221o_2": 1,
            "sky130_fd_sc_hd__a22o_2": 1,
            "sky130_fd_sc_hd__a2bb2o_2": 2,
            "sky130_fd_sc_hd__a311o_2": 2,
            "sky130_fd_sc_hd__a31o_2": 9,
            "sky130_fd_sc_hd__a32o_2": 5,
            "sky130_fd_sc_hd__and2_2": 6,
            "sky130_fd_sc_hd__and2b_2": 1,
            "sky130_fd_sc_hd__and3_2": 5,
            "sky130_fd_sc_hd__buf_2": 1,
            "sky130_fd_sc_hd__conb_1": 15,
            "sky130_fd_sc_hd__dfrtp_2": 31,
            "sky130_fd_sc_hd__inv_2": 8,
            "sky130_fd_sc_hd__mux2_1": 15,
            "sky130_fd_sc_hd__nand2_2": 8,
            "sky130_fd_sc_hd__nand2b_2": 3,
            "sky130_fd_sc_hd__nand3_2": 4,
            "sky130_fd_sc_hd__nor2_2": 11,
            "sky130_fd_sc_hd__nor3_2": 4,
            "sky130_fd_sc_hd__o211a_2": 4,
            "sky130_fd_sc_hd__o21a_2": 6,
            "sky130_fd_sc_hd__o21ai_2": 7,
            "sky130_fd_sc_hd__o21ba_2": 1,
            "sky130_fd_sc_hd__o22a_2": 1,
            "sky130_fd_sc_hd__o2bb2a_2": 3,
            "sky130_fd_sc_hd__o311a_2": 2,
            "sky130_fd_sc_hd__o311ai_2": 1,
            "sky130_fd_sc_hd__o31a_2": 2,
            "sky130_fd_sc_hd__or2_2": 10,
            "sky130_fd_sc_hd__or3_2": 7,
            "sky130_fd_sc_hd__or3b_2": 4,
            "sky130_fd_sc_hd__or4_2": 5,
            "sky130_fd_sc_hd__or4bb_2": 1,
            "sky130_fd_sc_hd__xnor2_2": 4,
            "sky130_fd_sc_hd__xor2_2": 3
         }
      }
   },
      "design": {
         "num_wires":         186,
         "num_wire_bits":     221,
         "num_pub_wires":     31,
         "num_pub_wire_bits": 66,
         "num_ports":         8,
         "num_port_bits":     43,
         "num_memories":      0,
         "num_memory_bits":   0,
         "num_processes":     0,
         "num_cells":         202,
         "num_submodules":       0,
         "area":              2263.420800,
         "sequential_area":    814.531200,
         "num_cells_by_type": {
            "sky130_fd_sc_hd__a211o_2": 1,
            "sky130_fd_sc_hd__a211oi_2": 1,
            "sky130_fd_sc_hd__a21o_2": 2,
            "sky130_fd_sc_hd__a21oi_2": 5,
            "sky130_fd_sc_hd__a221o_2": 1,
            "sky130_fd_sc_hd__a22o_2": 1,
            "sky130_fd_sc_hd__a2bb2o_2": 2,
            "sky130_fd_sc_hd__a311o_2": 2,
            "sky130_fd_sc_hd__a31o_2": 9,
            "sky130_fd_sc_hd__a32o_2": 5,
            "sky130_fd_sc_hd__and2_2": 6,
            "sky130_fd_sc_hd__and2b_2": 1,
            "sky130_fd_sc_hd__and3_2": 5,
            "sky130_fd_sc_hd__buf_2": 1,
            "sky130_fd_sc_hd__conb_1": 15,
            "sky130_fd_sc_hd__dfrtp_2": 31,
            "sky130_fd_sc_hd__inv_2": 8,
            "sky130_fd_sc_hd__mux2_1": 15,
            "sky130_fd_sc_hd__nand2_2": 8,
            "sky130_fd_sc_hd__nand2b_2": 3,
            "sky130_fd_sc_hd__nand3_2": 4,
            "sky130_fd_sc_hd__nor2_2": 11,
            "sky130_fd_sc_hd__nor3_2": 4,
            "sky130_fd_sc_hd__o211a_2": 4,
            "sky130_fd_sc_hd__o21a_2": 6,
            "sky130_fd_sc_hd__o21ai_2": 7,
            "sky130_fd_sc_hd__o21ba_2": 1,
            "sky130_fd_sc_hd__o22a_2": 1,
            "sky130_fd_sc_hd__o2bb2a_2": 3,
            "sky130_fd_sc_hd__o311a_2": 2,
            "sky130_fd_sc_hd__o311ai_2": 1,
            "sky130_fd_sc_hd__o31a_2": 2,
            "sky130_fd_sc_hd__or2_2": 10,
            "sky130_fd_sc_hd__or3_2": 7,
            "sky130_fd_sc_hd__or3b_2": 4,
            "sky130_fd_sc_hd__or4_2": 5,
            "sky130_fd_sc_hd__or4bb_2": 1,
            "sky130_fd_sc_hd__xnor2_2": 4,
            "sky130_fd_sc_hd__xor2_2": 3
         }
      }
}

146. Printing statistics.

=== tt_um_alu7b ===

        +----------Local Count, excluding submodules.
        |        +-Local Area, excluding submodules.
        |        | 
      186        - wires
      221        - wire bits
       31        - public wires
       66        - public wire bits
        8        - ports
       43        - port bits
      202 2.26E+03 cells
        1    10.01   sky130_fd_sc_hd__a211o_2
        1   12.512   sky130_fd_sc_hd__a211oi_2
        2   17.517   sky130_fd_sc_hd__a21o_2
        5   43.792   sky130_fd_sc_hd__a21oi_2
        1   11.261   sky130_fd_sc_hd__a221o_2
        1    10.01   sky130_fd_sc_hd__a22o_2
        2   22.522   sky130_fd_sc_hd__a2bb2o_2
        2   22.522   sky130_fd_sc_hd__a311o_2
        9   78.826   sky130_fd_sc_hd__a31o_2
        5   56.304   sky130_fd_sc_hd__a32o_2
        6   45.043   sky130_fd_sc_hd__and2_2
        1    8.758   sky130_fd_sc_hd__and2b_2
        5   37.536   sky130_fd_sc_hd__and3_2
        1    5.005   sky130_fd_sc_hd__buf_2
       15   56.304   sky130_fd_sc_hd__conb_1
       31  814.531   sky130_fd_sc_hd__dfrtp_2
        8   30.029   sky130_fd_sc_hd__inv_2
       15  168.912   sky130_fd_sc_hd__mux2_1
        8   50.048   sky130_fd_sc_hd__nand2_2
        3   26.275   sky130_fd_sc_hd__nand2b_2
        4   40.038   sky130_fd_sc_hd__nand3_2
       11   68.816   sky130_fd_sc_hd__nor2_2
        4   40.038   sky130_fd_sc_hd__nor3_2
        4   40.038   sky130_fd_sc_hd__o211a_2
        6    52.55   sky130_fd_sc_hd__o21a_2
        7   61.309   sky130_fd_sc_hd__o21ai_2
        1    10.01   sky130_fd_sc_hd__o21ba_2
        1    10.01   sky130_fd_sc_hd__o22a_2
        3   33.782   sky130_fd_sc_hd__o2bb2a_2
        2   22.522   sky130_fd_sc_hd__o311a_2
        1   16.266   sky130_fd_sc_hd__o311ai_2
        2   20.019   sky130_fd_sc_hd__o31a_2
       10    62.56   sky130_fd_sc_hd__or2_2
        7    52.55   sky130_fd_sc_hd__or3_2
        4   35.034   sky130_fd_sc_hd__or3b_2
        5   43.792   sky130_fd_sc_hd__or4_2
        1   12.512   sky130_fd_sc_hd__or4bb_2
        4   65.062   sky130_fd_sc_hd__xnor2_2
        3   48.797   sky130_fd_sc_hd__xor2_2

   Chip area for module '\tt_um_alu7b': 2263.420800
     of which used for sequential elements: 814.531200 (35.99%)

147. Executing Verilog backend.
Dumping module `\tt_um_alu7b'.

148. Executing JSON backend.
