Reading OpenROAD database at '/foss/designs/Workshop_IC_Design_UTP/myBootcampChipV2/runs/RUN_2026-04-21_17-18-01/47-odb-reportdisconnectedpins/tt_um_alu7b.odb'…
Reading library file at '/foss/pdks/sky130A/libs.ref/sky130_fd_sc_hd/lib/sky130_fd_sc_hd__tt_025C_1v80.lib'…
Reading design constraints file at '/usr/local/lib/python3.12/dist-packages/librelane/scripts/base.sdc'…
[INFO] Using clock clk…
[INFO] Setting output delay to: 4
[INFO] Setting input delay to: 4
[INFO] Setting load to: 0.033442
[INFO] Setting clock uncertainty to: 0.25
[INFO] Setting clock transition to: 0.1499999999999999944488848768742172978818416595458984375
[INFO] Setting timing derate to: 5%
sky130_fd_sc_hd__decap_3 sky130_fd_sc_hd__fill_2 sky130_fd_sc_hd__fill_1
[INFO DPL-0001] Placed 3192 filler instances.
Setting global connections for newly added cells…
[INFO] Setting global connections...
Updating metrics…
Cell type report:                       Count       Area
  Fill cell                              3260   11701.22
  Tap cell                                198     247.74
  Buffer                                    1       5.00
  Clock buffer                              6     138.88
  Timing Repair Buffer                     13      77.57
  Inverter                                  8      30.03
  Clock inverter                            2      35.03
  Sequential cell                          31     829.55
  Multi-Input combinational cell          162    1186.14
  Total                                  3681   14251.17
Writing OpenROAD database to '/foss/designs/Workshop_IC_Design_UTP/myBootcampChipV2/runs/RUN_2026-04-21_17-18-01/51-openroad-fillinsertion/tt_um_alu7b.odb'…
Writing netlist to '/foss/designs/Workshop_IC_Design_UTP/myBootcampChipV2/runs/RUN_2026-04-21_17-18-01/51-openroad-fillinsertion/tt_um_alu7b.nl.v'…
Writing powered netlist to '/foss/designs/Workshop_IC_Design_UTP/myBootcampChipV2/runs/RUN_2026-04-21_17-18-01/51-openroad-fillinsertion/tt_um_alu7b.pnl.v'…
Writing layout to '/foss/designs/Workshop_IC_Design_UTP/myBootcampChipV2/runs/RUN_2026-04-21_17-18-01/51-openroad-fillinsertion/tt_um_alu7b.def'…
Writing timing constraints to '/foss/designs/Workshop_IC_Design_UTP/myBootcampChipV2/runs/RUN_2026-04-21_17-18-01/51-openroad-fillinsertion/tt_um_alu7b.sdc'…
