Reading OpenROAD database at '/foss/designs/Workshop_IC_Design_UTP/myBootcampChipV2/runs/RUN_2026-04-20_04-22-38/41-openroad-repairantennas/1-diodeinsertion/tt_um_alu7b.odb'…
Reading library file at '/foss/pdks/sky130A/libs.ref/sky130_fd_sc_hd/lib/sky130_fd_sc_hd__tt_025C_1v80.lib'…
Reading design constraints file at '/usr/local/lib/python3.12/dist-packages/librelane/scripts/base.sdc'…
[INFO] Using clock clk…
[INFO] Setting output delay to: 4
[INFO] Setting input delay to: 4
[INFO] Setting load to: 0.033442
[INFO] Setting clock uncertainty to: 0.25
[INFO] Setting clock transition to: 0.1499999999999999944488848768742172978818416595458984375
[INFO] Setting timing derate to: 5%
[INFO ORD-0030] Using 4 thread(s).
[INFO DRT-0149] Reading tech and libs.
[WARNING DRT-0349] LEF58_ENCLOSURE with no CUTCLASS is not supported. Skipping for layer mcon
[WARNING DRT-0349] LEF58_ENCLOSURE with no CUTCLASS is not supported. Skipping for layer mcon
[WARNING DRT-0349] LEF58_ENCLOSURE with no CUTCLASS is not supported. Skipping for layer via
[WARNING DRT-0349] LEF58_ENCLOSURE with no CUTCLASS is not supported. Skipping for layer via
[WARNING DRT-0349] LEF58_ENCLOSURE with no CUTCLASS is not supported. Skipping for layer via2
[WARNING DRT-0349] LEF58_ENCLOSURE with no CUTCLASS is not supported. Skipping for layer via2
[WARNING DRT-0349] LEF58_ENCLOSURE with no CUTCLASS is not supported. Skipping for layer via3
[WARNING DRT-0349] LEF58_ENCLOSURE with no CUTCLASS is not supported. Skipping for layer via3
[WARNING DRT-0349] LEF58_ENCLOSURE with no CUTCLASS is not supported. Skipping for layer via4
[WARNING DRT-0349] LEF58_ENCLOSURE with no CUTCLASS is not supported. Skipping for layer via4

Units:                1000
Number of layers:     13
Number of macros:     445
Number of vias:       28
Number of viarulegen: 25

[INFO DRT-0150] Reading design.

Design:                   tt_um_alu7b
Die area:                 ( 0 0 ) ( 160000 100000 )
Number of track patterns: 12
Number of DEF vias:       0
Number of components:     489
Number of terminals:      45
Number of snets:          2
Number of nets:           239

[INFO DRT-0167] List of default vias:
  Layer via
    default via: M1M2_PR
  Layer via2
    default via: M2M3_PR
  Layer via3
    default via: M3M4_PR
  Layer via4
    default via: M4M5_PR
[INFO DRT-0162] Library cell analysis.
[INFO DRT-0163] Instance analysis.
[INFO DRT-0164] Number of unique instances = 129.
[INFO DRT-0168] Init region query.
[INFO DRT-0024]   Complete FR_MASTERSLICE.
[INFO DRT-0024]   Complete licon.
[INFO DRT-0024]   Complete li1.
[INFO DRT-0024]   Complete mcon.
[INFO DRT-0024]   Complete met1.
[INFO DRT-0024]   Complete via.
[INFO DRT-0024]   Complete met2.
[INFO DRT-0024]   Complete via2.
[INFO DRT-0024]   Complete met3.
[INFO DRT-0024]   Complete via3.
[INFO DRT-0024]   Complete met4.
[INFO DRT-0024]   Complete via4.
[INFO DRT-0024]   Complete met5.
[INFO DRT-0033] FR_MASTERSLICE shape region query size = 0.
[INFO DRT-0033] licon shape region query size = 0.
[INFO DRT-0033] li1 shape region query size = 8520.
[INFO DRT-0033] mcon shape region query size = 0.
[INFO DRT-0033] met1 shape region query size = 1590.
[INFO DRT-0033] via shape region query size = 700.
[INFO DRT-0033] met2 shape region query size = 450.
[INFO DRT-0033] via2 shape region query size = 560.
[INFO DRT-0033] met3 shape region query size = 433.
[INFO DRT-0033] via3 shape region query size = 560.
[INFO DRT-0033] met4 shape region query size = 156.
[INFO DRT-0033] via4 shape region query size = 0.
[INFO DRT-0033] met5 shape region query size = 0.
[INFO DRT-0165] Start pin access.
[INFO DRT-0078]   Complete 455 pins.
[INFO DRT-0079]   Complete 100 unique inst patterns.
[INFO DRT-0081]   Complete 123 unique inst patterns.
[INFO DRT-0084]   Complete 144 groups.
#scanned instances     = 489
#unique  instances     = 129
#stdCellGenAp          = 3681
#stdCellValidPlanarAp  = 36
#stdCellValidViaAp     = 2786
#stdCellPinNoAp        = 0
#stdCellPinCnt         = 790
#instTermValidViaApCnt = 0
#macroGenAp            = 0
#macroValidPlanarAp    = 0
#macroValidViaAp       = 0
#macroNoAp             = 0
[INFO DRT-0166] Complete pin access.
[INFO DRT-0267] cpu time = 00:00:31, elapsed time = 00:00:08, memory = 135.15 (MB), peak = 135.15 (MB)

[INFO DRT-0157] Number of guides:     1678

[INFO DRT-0169] Post process guides.
[INFO DRT-0176] GCELLGRID X 0 DO 23 STEP 6900 ;
[INFO DRT-0177] GCELLGRID Y 0 DO 14 STEP 6900 ;
[INFO DRT-0028]   Complete FR_MASTERSLICE.
[INFO DRT-0028]   Complete licon.
[INFO DRT-0028]   Complete li1.
[INFO DRT-0028]   Complete mcon.
[INFO DRT-0028]   Complete met1.
[INFO DRT-0028]   Complete via.
[INFO DRT-0028]   Complete met2.
[INFO DRT-0028]   Complete via2.
[INFO DRT-0028]   Complete met3.
[INFO DRT-0028]   Complete via3.
[INFO DRT-0028]   Complete met4.
[INFO DRT-0028]   Complete via4.
[INFO DRT-0028]   Complete met5.
[INFO DRT-0178] Init guide query.
[INFO DRT-0035]   Complete FR_MASTERSLICE (guide).
[INFO DRT-0035]   Complete licon (guide).
[INFO DRT-0035]   Complete li1 (guide).
[INFO DRT-0035]   Complete mcon (guide).
[INFO DRT-0035]   Complete met1 (guide).
[INFO DRT-0035]   Complete via (guide).
[INFO DRT-0035]   Complete met2 (guide).
[INFO DRT-0035]   Complete via2 (guide).
[INFO DRT-0035]   Complete met3 (guide).
[INFO DRT-0035]   Complete via3 (guide).
[INFO DRT-0035]   Complete met4 (guide).
[INFO DRT-0035]   Complete via4 (guide).
[INFO DRT-0035]   Complete met5 (guide).
[INFO DRT-0036] FR_MASTERSLICE guide region query size = 0.
[INFO DRT-0036] licon guide region query size = 0.
[INFO DRT-0036] li1 guide region query size = 581.
[INFO DRT-0036] mcon guide region query size = 0.
[INFO DRT-0036] met1 guide region query size = 450.
[INFO DRT-0036] via guide region query size = 0.
[INFO DRT-0036] met2 guide region query size = 216.
[INFO DRT-0036] via2 guide region query size = 0.
[INFO DRT-0036] met3 guide region query size = 27.
[INFO DRT-0036] via3 guide region query size = 0.
[INFO DRT-0036] met4 guide region query size = 0.
[INFO DRT-0036] via4 guide region query size = 0.
[INFO DRT-0036] met5 guide region query size = 0.
[INFO DRT-0179] Init gr pin query.
[INFO DRT-0245] skipped writing guide updates to database.
[INFO DRT-0185] Post process initialize RPin region query.
[INFO DRT-0181] Start track assignment.
[INFO DRT-0184] Done with 797 vertical wires in 1 frboxes and 477 horizontal wires in 1 frboxes.
[INFO DRT-0186] Done with 52 vertical wires in 1 frboxes and 172 horizontal wires in 1 frboxes.
[INFO DRT-0182] Complete track assignment.
[INFO DRT-0267] cpu time = 00:00:00, elapsed time = 00:00:00, memory = 139.53 (MB), peak = 139.53 (MB)
[INFO DRT-0187] Start routing data preparation.
[INFO DRT-0267] cpu time = 00:00:00, elapsed time = 00:00:00, memory = 139.53 (MB), peak = 139.53 (MB)
[INFO DRT-0194] Start detail routing.
[INFO DRT-0195] Start 0th optimization iteration.
    Completing 10% with 0 violations.
    elapsed time = 00:00:00, memory = 158.00 (MB).
    Completing 20% with 0 violations.
    elapsed time = 00:00:01, memory = 148.76 (MB).
    Completing 30% with 16 violations.
    elapsed time = 00:00:01, memory = 158.13 (MB).
    Completing 40% with 16 violations.
    elapsed time = 00:00:01, memory = 159.01 (MB).
    Completing 50% with 21 violations.
    elapsed time = 00:00:01, memory = 172.88 (MB).
    Completing 60% with 21 violations.
    elapsed time = 00:00:04, memory = 168.19 (MB).
    Completing 70% with 65 violations.
    elapsed time = 00:00:04, memory = 176.94 (MB).
    Completing 80% with 65 violations.
    elapsed time = 00:00:05, memory = 178.69 (MB).
[INFO DRT-0199]   Number of violations = 103.
Viol/Layer        met1   met2   met3
Metal Spacing       20      3      3
Recheck              5      3      0
Short               69      0      0
[INFO DRT-0267] cpu time = 00:00:07, elapsed time = 00:00:05, memory = 532.31 (MB), peak = 532.31 (MB)
Total wire length = 5343 um.
Total wire length on LAYER li1 = 0 um.
Total wire length on LAYER met1 = 2978 um.
Total wire length on LAYER met2 = 1753 um.
Total wire length on LAYER met3 = 611 um.
Total wire length on LAYER met4 = 0 um.
Total wire length on LAYER met5 = 0 um.
Total number of vias = 1613.
Up-via summary (total 1613):

-----------------------
 FR_MASTERSLICE       0
            li1     761
           met1     797
           met2      55
           met3       0
           met4       0
-----------------------
                   1613


[INFO DRT-0195] Start 1st optimization iteration.
    Completing 10% with 103 violations.
    elapsed time = 00:00:00, memory = 532.31 (MB).
    Completing 20% with 103 violations.
    elapsed time = 00:00:00, memory = 532.31 (MB).
    Completing 30% with 103 violations.
    elapsed time = 00:00:00, memory = 532.31 (MB).
    Completing 40% with 97 violations.
    elapsed time = 00:00:00, memory = 532.31 (MB).
    Completing 50% with 97 violations.
    elapsed time = 00:00:02, memory = 532.31 (MB).
    Completing 60% with 80 violations.
    elapsed time = 00:00:02, memory = 532.31 (MB).
    Completing 70% with 80 violations.
    elapsed time = 00:00:02, memory = 532.31 (MB).
    Completing 80% with 80 violations.
    elapsed time = 00:00:02, memory = 532.31 (MB).
    Completing 90% with 75 violations.
    elapsed time = 00:00:03, memory = 541.19 (MB).
    Completing 100% with 50 violations.
    elapsed time = 00:00:04, memory = 543.94 (MB).
[INFO DRT-0199]   Number of violations = 50.
Viol/Layer        met1   met2
Metal Spacing        2      4
Short               37      7
[INFO DRT-0267] cpu time = 00:00:06, elapsed time = 00:00:04, memory = 546.94 (MB), peak = 546.94 (MB)
Total wire length = 5270 um.
Total wire length on LAYER li1 = 0 um.
Total wire length on LAYER met1 = 2904 um.
Total wire length on LAYER met2 = 1762 um.
Total wire length on LAYER met3 = 603 um.
Total wire length on LAYER met4 = 0 um.
Total wire length on LAYER met5 = 0 um.
Total number of vias = 1599.
Up-via summary (total 1599):

-----------------------
 FR_MASTERSLICE       0
            li1     759
           met1     792
           met2      48
           met3       0
           met4       0
-----------------------
                   1599


[INFO DRT-0195] Start 2nd optimization iteration.
    Completing 10% with 50 violations.
    elapsed time = 00:00:00, memory = 546.94 (MB).
    Completing 20% with 50 violations.
    elapsed time = 00:00:00, memory = 546.94 (MB).
    Completing 30% with 50 violations.
    elapsed time = 00:00:00, memory = 546.94 (MB).
    Completing 40% with 50 violations.
    elapsed time = 00:00:00, memory = 546.94 (MB).
    Completing 50% with 50 violations.
    elapsed time = 00:00:02, memory = 559.61 (MB).
    Completing 60% with 52 violations.
    elapsed time = 00:00:02, memory = 559.61 (MB).
    Completing 70% with 52 violations.
    elapsed time = 00:00:02, memory = 559.61 (MB).
    Completing 80% with 52 violations.
    elapsed time = 00:00:02, memory = 559.61 (MB).
    Completing 90% with 52 violations.
    elapsed time = 00:00:03, memory = 573.86 (MB).
    Completing 100% with 36 violations.
    elapsed time = 00:00:04, memory = 573.86 (MB).
[INFO DRT-0199]   Number of violations = 36.
Viol/Layer        met1
Metal Spacing        7
Short               29
[INFO DRT-0267] cpu time = 00:00:06, elapsed time = 00:00:04, memory = 573.86 (MB), peak = 576.69 (MB)
Total wire length = 5276 um.
Total wire length on LAYER li1 = 0 um.
Total wire length on LAYER met1 = 2933 um.
Total wire length on LAYER met2 = 1749 um.
Total wire length on LAYER met3 = 592 um.
Total wire length on LAYER met4 = 0 um.
Total wire length on LAYER met5 = 0 um.
Total number of vias = 1599.
Up-via summary (total 1599):

-----------------------
 FR_MASTERSLICE       0
            li1     759
           met1     794
           met2      46
           met3       0
           met4       0
-----------------------
                   1599


[INFO DRT-0195] Start 3rd optimization iteration.
    Completing 10% with 36 violations.
    elapsed time = 00:00:00, memory = 573.86 (MB).
    Completing 20% with 36 violations.
    elapsed time = 00:00:00, memory = 573.86 (MB).
    Completing 30% with 19 violations.
    elapsed time = 00:00:00, memory = 573.86 (MB).
    Completing 40% with 19 violations.
    elapsed time = 00:00:00, memory = 573.86 (MB).
    Completing 50% with 19 violations.
    elapsed time = 00:00:00, memory = 573.86 (MB).
    Completing 60% with 19 violations.
    elapsed time = 00:00:01, memory = 584.48 (MB).
    Completing 70% with 6 violations.
    elapsed time = 00:00:01, memory = 584.48 (MB).
    Completing 80% with 6 violations.
    elapsed time = 00:00:01, memory = 584.48 (MB).
[INFO DRT-0199]   Number of violations = 0.
[INFO DRT-0267] cpu time = 00:00:02, elapsed time = 00:00:02, memory = 584.48 (MB), peak = 584.48 (MB)
Total wire length = 5279 um.
Total wire length on LAYER li1 = 0 um.
Total wire length on LAYER met1 = 2847 um.
Total wire length on LAYER met2 = 1772 um.
Total wire length on LAYER met3 = 659 um.
Total wire length on LAYER met4 = 0 um.
Total wire length on LAYER met5 = 0 um.
Total number of vias = 1622.
Up-via summary (total 1622):

-----------------------
 FR_MASTERSLICE       0
            li1     759
           met1     802
           met2      61
           met3       0
           met4       0
-----------------------
                   1622


[INFO DRT-0198] Complete detail routing.
Total wire length = 5279 um.
Total wire length on LAYER li1 = 0 um.
Total wire length on LAYER met1 = 2847 um.
Total wire length on LAYER met2 = 1772 um.
Total wire length on LAYER met3 = 659 um.
Total wire length on LAYER met4 = 0 um.
Total wire length on LAYER met5 = 0 um.
Total number of vias = 1622.
Up-via summary (total 1622):

-----------------------
 FR_MASTERSLICE       0
            li1     759
           met1     802
           met2      61
           met3       0
           met4       0
-----------------------
                   1622


[INFO DRT-0267] cpu time = 00:00:22, elapsed time = 00:00:18, memory = 584.48 (MB), peak = 584.48 (MB)

[INFO DRT-0180] Post processing.
Setting global connections for newly added cells…
[INFO] Setting global connections...
Updating metrics…
Cell type report:                       Count       Area
  Fill cell                                68     255.24
  Tap cell                                198     247.74
  Buffer                                    1       5.00
  Clock buffer                              6     138.88
  Timing Repair Buffer                     13      77.57
  Inverter                                  8      30.03
  Clock inverter                            2      35.03
  Sequential cell                          31     829.55
  Multi-Input combinational cell          162    1186.14
  Total                                   489    2805.19
Writing OpenROAD database to '/foss/designs/Workshop_IC_Design_UTP/myBootcampChipV2/runs/RUN_2026-04-20_04-22-38/43-openroad-detailedrouting/tt_um_alu7b.odb'…
Writing netlist to '/foss/designs/Workshop_IC_Design_UTP/myBootcampChipV2/runs/RUN_2026-04-20_04-22-38/43-openroad-detailedrouting/tt_um_alu7b.nl.v'…
Writing powered netlist to '/foss/designs/Workshop_IC_Design_UTP/myBootcampChipV2/runs/RUN_2026-04-20_04-22-38/43-openroad-detailedrouting/tt_um_alu7b.pnl.v'…
Writing layout to '/foss/designs/Workshop_IC_Design_UTP/myBootcampChipV2/runs/RUN_2026-04-20_04-22-38/43-openroad-detailedrouting/tt_um_alu7b.def'…
Writing timing constraints to '/foss/designs/Workshop_IC_Design_UTP/myBootcampChipV2/runs/RUN_2026-04-20_04-22-38/43-openroad-detailedrouting/tt_um_alu7b.sdc'…
