Clock: clk
Sources: clk 
Generated: no
Virtual: yes
Propagated: no
Period: 20.000000

===========================================================================
report_clock_properties
============================================================================
Clock                   Period          Waveform
----------------------------------------------------
clk                  20.000000    0.000000 10.000000

===========================================================================
report_clock_latency
============================================================================
Clock clk
rise -> rise
    min     max
0.000000 0.000000 source latency
0.657193         network latency _316_/CLK
        0.663247 network latency _327_/CLK
---------------
0.657193 0.663247 latency
        0.006054 skew

fall -> fall
    min     max
0.000000 0.000000 source latency
0.626462         network latency _316_/CLK
        0.631621 network latency _327_/CLK
---------------
0.626462 0.631621 latency
        0.005159 skew



===========================================================================
report_clock_min_period
============================================================================
clk period_min = 7.55 fmax = 132.42
