Clock: clk
Sources: clk 
Generated: no
Virtual: yes
Propagated: no
Period: 20.000000

===========================================================================
report_clock_properties
============================================================================
Clock                   Period          Waveform
----------------------------------------------------
clk                  20.000000    0.000000 10.000000

===========================================================================
report_clock_latency
============================================================================
Clock clk
rise -> rise
    min     max
0.000000 0.000000 source latency
0.262870         network latency _316_/CLK
        0.266049 network latency _327_/CLK
---------------
0.262870 0.266049 latency
        0.003179 skew

fall -> fall
    min     max
0.000000 0.000000 source latency
0.237981         network latency _316_/CLK
        0.240810 network latency _327_/CLK
---------------
0.237981 0.240810 latency
        0.002829 skew



===========================================================================
report_clock_min_period
============================================================================
clk period_min = 2.42 fmax = 413.34
