[WARNING ORD-0039] .openroad ignored with -python
                                Cells by Master                                 
┏━━━━━━━━━━━━━━━━━━━━━━━━━━━━━━━━━━━━━━━━━━━━━━━━━━━━━━━━━━━━━━━━┳━━━━━━━━━━━━━┓
┃ Cell                                                           ┃ Count       ┃
┡━━━━━━━━━━━━━━━━━━━━━━━━━━━━━━━━━━━━━━━━━━━━━━━━━━━━━━━━━━━━━━━━╇━━━━━━━━━━━━━┩
│ sky130_fd_sc_hd__a211o_1                                       │ 1           │
│ sky130_fd_sc_hd__a211oi_1                                      │ 1           │
│ sky130_fd_sc_hd__a21o_1                                        │ 2           │
│ sky130_fd_sc_hd__a21oi_1                                       │ 5           │
│ sky130_fd_sc_hd__a221o_1                                       │ 1           │
│ sky130_fd_sc_hd__a22o_1                                        │ 1           │
│ sky130_fd_sc_hd__a2bb2o_1                                      │ 2           │
│ sky130_fd_sc_hd__a311o_1                                       │ 2           │
│ sky130_fd_sc_hd__a31o_1                                        │ 9           │
│ sky130_fd_sc_hd__a32o_1                                        │ 5           │
│ sky130_fd_sc_hd__and2_1                                        │ 6           │
│ sky130_fd_sc_hd__and2b_2                                       │ 1           │
│ sky130_fd_sc_hd__and3_1                                        │ 4           │
│ sky130_fd_sc_hd__and3_2                                        │ 1           │
│ sky130_fd_sc_hd__buf_1                                         │ 1           │
│ sky130_fd_sc_hd__buf_2                                         │ 5           │
│ sky130_fd_sc_hd__bufinv_16                                     │ 1           │
│ sky130_fd_sc_hd__clkbuf_1                                      │ 1           │
│ sky130_fd_sc_hd__clkbuf_16                                     │ 5           │
│ sky130_fd_sc_hd__clkbuf_2                                      │ 3           │
│ sky130_fd_sc_hd__clkbuf_4                                      │ 2           │
│ sky130_fd_sc_hd__clkbuf_8                                      │ 1           │
│ sky130_fd_sc_hd__clkinv_2                                      │ 1           │
│ sky130_fd_sc_hd__conb_1                                        │ 15          │
│ sky130_fd_sc_hd__decap_3                                       │ 3011        │
│ sky130_fd_sc_hd__dfrtp_1                                       │ 10          │
│ sky130_fd_sc_hd__dfrtp_2                                       │ 10          │
│ sky130_fd_sc_hd__dfrtp_4                                       │ 11          │
│ sky130_fd_sc_hd__dlygate4sd3_1                                 │ 2           │
│ sky130_fd_sc_hd__fill_1                                        │ 179         │
│ sky130_fd_sc_hd__fill_2                                        │ 70          │
│ sky130_fd_sc_hd__inv_2                                         │ 8           │
│ sky130_fd_sc_hd__mux2_1                                        │ 15          │
│ sky130_fd_sc_hd__nand2_1                                       │ 7           │
│ sky130_fd_sc_hd__nand2_4                                       │ 1           │
│ sky130_fd_sc_hd__nand2b_1                                      │ 3           │
│ sky130_fd_sc_hd__nand3_1                                       │ 4           │
│ sky130_fd_sc_hd__nor2_1                                        │ 10          │
│ sky130_fd_sc_hd__nor2_2                                        │ 1           │
│ sky130_fd_sc_hd__nor3_1                                        │ 2           │
│ sky130_fd_sc_hd__nor3_2                                        │ 1           │
│ sky130_fd_sc_hd__nor3_4                                        │ 1           │
│ sky130_fd_sc_hd__o211a_1                                       │ 4           │
│ sky130_fd_sc_hd__o21a_1                                        │ 6           │
│ sky130_fd_sc_hd__o21ai_1                                       │ 6           │
│ sky130_fd_sc_hd__o21ai_2                                       │ 1           │
│ sky130_fd_sc_hd__o21ba_1                                       │ 1           │
│ sky130_fd_sc_hd__o22a_1                                        │ 1           │
│ sky130_fd_sc_hd__o2bb2a_1                                      │ 3           │
│ sky130_fd_sc_hd__o311a_1                                       │ 2           │
│ sky130_fd_sc_hd__o311ai_2                                      │ 1           │
│ sky130_fd_sc_hd__o31a_1                                        │ 2           │
│ sky130_fd_sc_hd__or2_1                                         │ 10          │
│ sky130_fd_sc_hd__or3_1                                         │ 6           │
│ sky130_fd_sc_hd__or3_2                                         │ 1           │
│ sky130_fd_sc_hd__or3b_1                                        │ 3           │
│ sky130_fd_sc_hd__or3b_4                                        │ 1           │
│ sky130_fd_sc_hd__or4_1                                         │ 5           │
│ sky130_fd_sc_hd__or4bb_1                                       │ 1           │
│ sky130_fd_sc_hd__tapvpwrvgnd_1                                 │ 198         │
│ sky130_fd_sc_hd__xnor2_1                                       │ 4           │
│ sky130_fd_sc_hd__xor2_1                                        │ 3           │
└────────────────────────────────────────────────────────────────┴─────────────┘
                               Cells by Function                                
┏━━━━━━━━━━━━━━━━━━━━━━━━━━━━━━━━━━━━━━━━━━━━━━━━━━━━━━━━━━━━━━━┳━━━━━━━━━━━━━━┓
┃ Cell Function                                                 ┃ Count        ┃
┡━━━━━━━━━━━━━━━━━━━━━━━━━━━━━━━━━━━━━━━━━━━━━━━━━━━━━━━━━━━━━━━╇━━━━━━━━━━━━━━┩
│ sky130_fd_sc_hd__a211o                                        │ 1            │
│ sky130_fd_sc_hd__a211oi                                       │ 1            │
│ sky130_fd_sc_hd__a21o                                         │ 2            │
│ sky130_fd_sc_hd__a21oi                                        │ 5            │
│ sky130_fd_sc_hd__a221o                                        │ 1            │
│ sky130_fd_sc_hd__a22o                                         │ 1            │
│ sky130_fd_sc_hd__a2bb2o                                       │ 2            │
│ sky130_fd_sc_hd__a311o                                        │ 2            │
│ sky130_fd_sc_hd__a31o                                         │ 9            │
│ sky130_fd_sc_hd__a32o                                         │ 5            │
│ sky130_fd_sc_hd__and2                                         │ 6            │
│ sky130_fd_sc_hd__and2b                                        │ 1            │
│ sky130_fd_sc_hd__and3                                         │ 5            │
│ sky130_fd_sc_hd__buf                                          │ 6            │
│ sky130_fd_sc_hd__bufinv                                       │ 1            │
│ sky130_fd_sc_hd__clkbuf                                       │ 12           │
│ sky130_fd_sc_hd__clkinv                                       │ 1            │
│ sky130_fd_sc_hd__conb                                         │ 15           │
│ sky130_fd_sc_hd__decap                                        │ 3011         │
│ sky130_fd_sc_hd__dfrtp                                        │ 31           │
│ sky130_fd_sc_hd__dlygate4sd3                                  │ 2            │
│ sky130_fd_sc_hd__fill                                         │ 249          │
│ sky130_fd_sc_hd__inv                                          │ 8            │
│ sky130_fd_sc_hd__mux2                                         │ 15           │
│ sky130_fd_sc_hd__nand2                                        │ 8            │
│ sky130_fd_sc_hd__nand2b                                       │ 3            │
│ sky130_fd_sc_hd__nand3                                        │ 4            │
│ sky130_fd_sc_hd__nor2                                         │ 11           │
│ sky130_fd_sc_hd__nor3                                         │ 4            │
│ sky130_fd_sc_hd__o211a                                        │ 4            │
│ sky130_fd_sc_hd__o21a                                         │ 6            │
│ sky130_fd_sc_hd__o21ai                                        │ 7            │
│ sky130_fd_sc_hd__o21ba                                        │ 1            │
│ sky130_fd_sc_hd__o22a                                         │ 1            │
│ sky130_fd_sc_hd__o2bb2a                                       │ 3            │
│ sky130_fd_sc_hd__o311a                                        │ 2            │
│ sky130_fd_sc_hd__o311ai                                       │ 1            │
│ sky130_fd_sc_hd__o31a                                         │ 2            │
│ sky130_fd_sc_hd__or2                                          │ 10           │
│ sky130_fd_sc_hd__or3                                          │ 7            │
│ sky130_fd_sc_hd__or3b                                         │ 4            │
│ sky130_fd_sc_hd__or4                                          │ 5            │
│ sky130_fd_sc_hd__or4bb                                        │ 1            │
│ sky130_fd_sc_hd__tapvpwrvgnd                                  │ 198          │
│ sky130_fd_sc_hd__xnor2                                        │ 4            │
│ sky130_fd_sc_hd__xor2                                         │ 3            │
└───────────────────────────────────────────────────────────────┴──────────────┘
                                  Cells by SCL                                  
┏━━━━━━━━━━━━━━━━━━━━━━━━━━━━━━━━━━━━━━━━━━━━━━━━━━━━━━━┳━━━━━━━━━━━━━━━━━━━━━━┓
┃ SCL                                                   ┃ Count                ┃
┡━━━━━━━━━━━━━━━━━━━━━━━━━━━━━━━━━━━━━━━━━━━━━━━━━━━━━━━╇━━━━━━━━━━━━━━━━━━━━━━┩
│ sky130_fd_sc_hd                                       │ 3681                 │
└───────────────────────────────────────────────────────┴──────────────────────┘
                             Buffers by Cell Master                             
┏━━━━━━━━━━━━━━━━━━━━━━━━━━━━━━━━━━━━━━━━━━━━━━━━━━━━━━━━━━━━━━━━┳━━━━━━━━━━━━━┓
┃ Buffer                                                         ┃ Count       ┃
┡━━━━━━━━━━━━━━━━━━━━━━━━━━━━━━━━━━━━━━━━━━━━━━━━━━━━━━━━━━━━━━━━╇━━━━━━━━━━━━━┩
│ sky130_fd_sc_hd__buf_1                                         │ 1           │
│ sky130_fd_sc_hd__buf_2                                         │ 5           │
│ sky130_fd_sc_hd__clkbuf_1                                      │ 1           │
│ sky130_fd_sc_hd__clkbuf_16                                     │ 5           │
│ sky130_fd_sc_hd__clkbuf_2                                      │ 3           │
│ sky130_fd_sc_hd__clkbuf_4                                      │ 2           │
│ sky130_fd_sc_hd__clkbuf_8                                      │ 1           │
│ sky130_fd_sc_hd__dlygate4sd3_1                                 │ 2           │
└────────────────────────────────────────────────────────────────┴─────────────┘
