Reading OpenROAD database at '/foss/designs/Workshop_IC_Design_UTP/myBootcampChipV2/runs/RUN_2026-04-21_17-18-01/23-openroad-globalplacementskipio/tt_um_alu7b.odb'…
Reading library file at '/foss/pdks/sky130A/libs.ref/sky130_fd_sc_hd/lib/sky130_fd_sc_hd__tt_025C_1v80.lib'…
Reading design constraints file at '/usr/local/lib/python3.12/dist-packages/librelane/scripts/base.sdc'…
[INFO] Using clock clk…
[INFO] Setting output delay to: 4
[INFO] Setting input delay to: 4
[INFO] Setting load to: 0.033442
[INFO] Setting clock uncertainty to: 0.25
[INFO] Setting clock transition to: 0.1499999999999999944488848768742172978818416595458984375
[INFO] Setting timing derate to: 5%
[INFO] place_pins args: -min_distance 3
Found 0 macro blocks.
[INFO PPL-0010] Tentative 0 to set up sections.
[INFO PPL-0001] Number of slots           160
[INFO PPL-0002] Number of I/O             43
[INFO PPL-0003] Number of I/O w/sink      27
[INFO PPL-0004] Number of I/O w/o sink    16
[INFO PPL-0005] Slots per section         200
[INFO PPL-0006] Slots increase factor     0.01
[INFO PPL-0008] Successfully assigned pins to sections.
[INFO PPL-0012] I/O nets HPWL: 1036.68 um.
Setting global connections for newly added cells…
[INFO] Setting global connections...
Updating metrics…
Cell type report:                       Count       Area
  Fill cell                                68     255.24
  Tap cell                                198     247.74
  Buffer                                    1       5.00
  Inverter                                  8      30.03
  Sequential cell                          31     814.53
  Multi-Input combinational cell          162    1413.86
  Total                                   468    2766.40
Writing OpenROAD database to '/foss/designs/Workshop_IC_Design_UTP/myBootcampChipV2/runs/RUN_2026-04-21_17-18-01/24-openroad-ioplacement/tt_um_alu7b.odb'…
Writing netlist to '/foss/designs/Workshop_IC_Design_UTP/myBootcampChipV2/runs/RUN_2026-04-21_17-18-01/24-openroad-ioplacement/tt_um_alu7b.nl.v'…
Writing powered netlist to '/foss/designs/Workshop_IC_Design_UTP/myBootcampChipV2/runs/RUN_2026-04-21_17-18-01/24-openroad-ioplacement/tt_um_alu7b.pnl.v'…
Writing layout to '/foss/designs/Workshop_IC_Design_UTP/myBootcampChipV2/runs/RUN_2026-04-21_17-18-01/24-openroad-ioplacement/tt_um_alu7b.def'…
Writing timing constraints to '/foss/designs/Workshop_IC_Design_UTP/myBootcampChipV2/runs/RUN_2026-04-21_17-18-01/24-openroad-ioplacement/tt_um_alu7b.sdc'…
