Reading OpenROAD database at '/foss/designs/Workshop_IC_Design_UTP/myBootcampChipV2/runs/RUN_2026-04-20_04-42-25/31-openroad-repairdesignpostgpl/tt_um_alu7b.odb'…
Reading library file at '/foss/pdks/sky130A/libs.ref/sky130_fd_sc_hd/lib/sky130_fd_sc_hd__tt_025C_1v80.lib'…
Reading design constraints file at '/usr/local/lib/python3.12/dist-packages/librelane/scripts/base.sdc'…
[INFO] Using clock clk…
[INFO] Setting output delay to: 4
[INFO] Setting input delay to: 4
[INFO] Setting load to: 0.033442
[INFO] Setting clock uncertainty to: 0.25
[INFO] Setting clock transition to: 0.1499999999999999944488848768742172978818416595458984375
[INFO] Setting timing derate to: 5%
Placement Analysis
---------------------------------
total displacement          0.0 u
average displacement        0.0 u
max displacement            0.0 u
original HPWL            4210.5 u
legalized HPWL           4332.4 u
delta HPWL                    3 %

[INFO DPL-0020] Mirrored 81 instances
[INFO DPL-0021] HPWL before            4332.4 u
[INFO DPL-0022] HPWL after             4210.5 u
[INFO DPL-0023] HPWL delta               -2.8 %
Setting global connections for newly added cells…
[INFO] Setting global connections...
Updating metrics…
Cell type report:                       Count       Area
  Fill cell                                68     255.24
  Tap cell                                198     247.74
  Buffer                                    1       5.00
  Timing Repair Buffer                     11      57.56
  Inverter                                  8      30.03
  Sequential cell                          31     829.55
  Multi-Input combinational cell          162    1186.14
  Total                                   479    2611.25
Writing OpenROAD database to '/foss/designs/Workshop_IC_Design_UTP/myBootcampChipV2/runs/RUN_2026-04-20_04-42-25/33-openroad-detailedplacement/tt_um_alu7b.odb'…
Writing netlist to '/foss/designs/Workshop_IC_Design_UTP/myBootcampChipV2/runs/RUN_2026-04-20_04-42-25/33-openroad-detailedplacement/tt_um_alu7b.nl.v'…
Writing powered netlist to '/foss/designs/Workshop_IC_Design_UTP/myBootcampChipV2/runs/RUN_2026-04-20_04-42-25/33-openroad-detailedplacement/tt_um_alu7b.pnl.v'…
Writing layout to '/foss/designs/Workshop_IC_Design_UTP/myBootcampChipV2/runs/RUN_2026-04-20_04-42-25/33-openroad-detailedplacement/tt_um_alu7b.def'…
Writing timing constraints to '/foss/designs/Workshop_IC_Design_UTP/myBootcampChipV2/runs/RUN_2026-04-20_04-42-25/33-openroad-detailedplacement/tt_um_alu7b.sdc'…
