                                                                        Cells by Master                                                                         
┏━━━━━━━━━━━━━━━━━━━━━━━━━━━━━━━━━━━━━━━━━━━━━━━━━━━━━━━━━━━━━━━━━━━━━━━━━━━━━━━━━━━━━━━━━━━━━━━━━━━━━━━━━━━━━━━━━━━━━━━━━━━━━━━━━┳━━━━━━━━━━━━━━━━━━━━━━━━━━━━┓
┃ Cell                                                                                                                            ┃ Count                      ┃
┡━━━━━━━━━━━━━━━━━━━━━━━━━━━━━━━━━━━━━━━━━━━━━━━━━━━━━━━━━━━━━━━━━━━━━━━━━━━━━━━━━━━━━━━━━━━━━━━━━━━━━━━━━━━━━━━━━━━━━━━━━━━━━━━━━╇━━━━━━━━━━━━━━━━━━━━━━━━━━━━┩
│ sky130_fd_sc_hd__a211o_1                                                                                                        │ 1                          │
│ sky130_fd_sc_hd__a211oi_1                                                                                                       │ 1                          │
│ sky130_fd_sc_hd__a21o_1                                                                                                         │ 2                          │
│ sky130_fd_sc_hd__a21oi_1                                                                                                        │ 5                          │
│ sky130_fd_sc_hd__a221o_1                                                                                                        │ 1                          │
│ sky130_fd_sc_hd__a22o_1                                                                                                         │ 1                          │
│ sky130_fd_sc_hd__a2bb2o_1                                                                                                       │ 2                          │
│ sky130_fd_sc_hd__a311o_1                                                                                                        │ 2                          │
│ sky130_fd_sc_hd__a31o_1                                                                                                         │ 9                          │
│ sky130_fd_sc_hd__a32o_1                                                                                                         │ 5                          │
│ sky130_fd_sc_hd__and2_1                                                                                                         │ 6                          │
│ sky130_fd_sc_hd__and2b_2                                                                                                        │ 1                          │
│ sky130_fd_sc_hd__and3_1                                                                                                         │ 4                          │
│ sky130_fd_sc_hd__and3_2                                                                                                         │ 1                          │
│ sky130_fd_sc_hd__buf_1                                                                                                          │ 1                          │
│ sky130_fd_sc_hd__buf_2                                                                                                          │ 5                          │
│ sky130_fd_sc_hd__bufinv_16                                                                                                      │ 1                          │
│ sky130_fd_sc_hd__clkbuf_1                                                                                                       │ 1                          │
│ sky130_fd_sc_hd__clkbuf_16                                                                                                      │ 5                          │
│ sky130_fd_sc_hd__clkbuf_2                                                                                                       │ 3                          │
│ sky130_fd_sc_hd__clkbuf_4                                                                                                       │ 2                          │
│ sky130_fd_sc_hd__clkbuf_8                                                                                                       │ 1                          │
│ sky130_fd_sc_hd__clkinv_2                                                                                                       │ 1                          │
│ sky130_fd_sc_hd__conb_1                                                                                                         │ 15                         │
│ sky130_fd_sc_hd__decap_3                                                                                                        │ 3011                       │
│ sky130_fd_sc_hd__dfrtp_1                                                                                                        │ 10                         │
│ sky130_fd_sc_hd__dfrtp_2                                                                                                        │ 10                         │
│ sky130_fd_sc_hd__dfrtp_4                                                                                                        │ 11                         │
│ sky130_fd_sc_hd__dlygate4sd3_1                                                                                                  │ 2                          │
│ sky130_fd_sc_hd__fill_1                                                                                                         │ 179                        │
│ sky130_fd_sc_hd__fill_2                                                                                                         │ 70                         │
│ sky130_fd_sc_hd__inv_2                                                                                                          │ 8                          │
│ sky130_fd_sc_hd__mux2_1                                                                                                         │ 15                         │
│ sky130_fd_sc_hd__nand2_1                                                                                                        │ 7                          │
│ sky130_fd_sc_hd__nand2_4                                                                                                        │ 1                          │
│ sky130_fd_sc_hd__nand2b_1                                                                                                       │ 3                          │
│ sky130_fd_sc_hd__nand3_1                                                                                                        │ 4                          │
│ sky130_fd_sc_hd__nor2_1                                                                                                         │ 10                         │
│ sky130_fd_sc_hd__nor2_2                                                                                                         │ 1                          │
│ sky130_fd_sc_hd__nor3_1                                                                                                         │ 2                          │
│ sky130_fd_sc_hd__nor3_2                                                                                                         │ 1                          │
│ sky130_fd_sc_hd__nor3_4                                                                                                         │ 1                          │
│ sky130_fd_sc_hd__o211a_1                                                                                                        │ 4                          │
│ sky130_fd_sc_hd__o21a_1                                                                                                         │ 6                          │
│ sky130_fd_sc_hd__o21ai_1                                                                                                        │ 6                          │
│ sky130_fd_sc_hd__o21ai_2                                                                                                        │ 1                          │
│ sky130_fd_sc_hd__o21ba_1                                                                                                        │ 1                          │
│ sky130_fd_sc_hd__o22a_1                                                                                                         │ 1                          │
│ sky130_fd_sc_hd__o2bb2a_1                                                                                                       │ 3                          │
│ sky130_fd_sc_hd__o311a_1                                                                                                        │ 2                          │
│ sky130_fd_sc_hd__o311ai_2                                                                                                       │ 1                          │
│ sky130_fd_sc_hd__o31a_1                                                                                                         │ 2                          │
│ sky130_fd_sc_hd__or2_1                                                                                                          │ 10                         │
│ sky130_fd_sc_hd__or3_1                                                                                                          │ 6                          │
│ sky130_fd_sc_hd__or3_2                                                                                                          │ 1                          │
│ sky130_fd_sc_hd__or3b_1                                                                                                         │ 3                          │
│ sky130_fd_sc_hd__or3b_4                                                                                                         │ 1                          │
│ sky130_fd_sc_hd__or4_1                                                                                                          │ 5                          │
│ sky130_fd_sc_hd__or4bb_1                                                                                                        │ 1                          │
│ sky130_fd_sc_hd__tapvpwrvgnd_1                                                                                                  │ 198                        │
│ sky130_fd_sc_hd__xnor2_1                                                                                                        │ 4                          │
│ sky130_fd_sc_hd__xor2_1                                                                                                         │ 3                          │
└─────────────────────────────────────────────────────────────────────────────────────────────────────────────────────────────────┴────────────────────────────┘
