
===========================================================================
report_checks -unconstrained
===========================================================================
======================= max_ff_n40C_1v95 Corner ===================================

Startpoint: rst_n (input port clocked by clk)
Endpoint: _325_ (recovery check against rising-edge clock clk)
Path Group: asynchronous
Path Type: max

Fanout         Cap        Slew       Delay        Time   Description
---------------------------------------------------------------------------------------------
                                  0.000000    0.000000   clock clk (rise edge)
                                  0.000000    0.000000   clock network delay (propagated)
                                  4.000000    4.000000 ^ input external delay
     1    0.002751    0.013742    0.007149    4.007149 ^ rst_n (in)
                                                         rst_n (net)
                      0.013744    0.000000    4.007149 ^ input1/A (sky130_fd_sc_hd__clkbuf_1)
     1    0.002797    0.032064    0.047614    4.054763 ^ input1/X (sky130_fd_sc_hd__clkbuf_1)
                                                         net1 (net)
                      0.032065    0.000192    4.054955 ^ fanout11/A (sky130_fd_sc_hd__buf_2)
     7    0.038695    0.144123    0.147873    4.202828 ^ fanout11/X (sky130_fd_sc_hd__buf_2)
                                                         net11 (net)
                      0.144157    0.001845    4.204673 ^ fanout8/A (sky130_fd_sc_hd__clkbuf_4)
    10    0.056699    0.133035    0.185747    4.390419 ^ fanout8/X (sky130_fd_sc_hd__clkbuf_4)
                                                         net8 (net)
                      0.133782    0.008067    4.398487 ^ _325_/RESET_B (sky130_fd_sc_hd__dfrtp_4)
                                              4.398487   data arrival time

                                 20.000000   20.000000   clock clk (rise edge)
                                  0.000000   20.000000   clock source latency
     1    0.024492    0.086370    0.059977   20.059977 ^ clk (in)
                                                         clk (net)
                      0.086418    0.000000   20.059977 ^ clkbuf_0_clk/A (sky130_fd_sc_hd__clkbuf_16)
     4    0.048276    0.051315    0.115667   20.175644 ^ clkbuf_0_clk/X (sky130_fd_sc_hd__clkbuf_16)
                                                         clknet_0_clk (net)
                      0.051632    0.002848   20.178492 ^ clkbuf_2_1__f_clk/A (sky130_fd_sc_hd__clkbuf_16)
    10    0.033745    0.040769    0.099119   20.277611 ^ clkbuf_2_1__f_clk/X (sky130_fd_sc_hd__clkbuf_16)
                                                         clknet_2_1__leaf_clk (net)
                      0.040817    0.001373   20.278984 ^ _325_/CLK (sky130_fd_sc_hd__dfrtp_4)
                                 -0.250000   20.028986   clock uncertainty
                                  0.000000   20.028986   clock reconvergence pessimism
                                  0.100261   20.129246   library recovery time
                                             20.129246   data required time
---------------------------------------------------------------------------------------------
                                             20.129246   data required time
                                             -4.398487   data arrival time
---------------------------------------------------------------------------------------------
                                             15.730760   slack (MET)


Startpoint: _327_ (rising edge-triggered flip-flop clocked by clk)
Endpoint: uo_out[0] (output port clocked by clk)
Path Group: clk
Path Type: max

Fanout         Cap        Slew       Delay        Time   Description
---------------------------------------------------------------------------------------------
                                  0.000000    0.000000   clock clk (rise edge)
                                  0.000000    0.000000   clock source latency
     1    0.024492    0.086370    0.059977    0.059977 ^ clk (in)
                                                         clk (net)
                      0.086418    0.000000    0.059977 ^ clkbuf_0_clk/A (sky130_fd_sc_hd__clkbuf_16)
     4    0.048276    0.051315    0.115667    0.175644 ^ clkbuf_0_clk/X (sky130_fd_sc_hd__clkbuf_16)
                                                         clknet_0_clk (net)
                      0.051632    0.002847    0.178491 ^ clkbuf_2_1__f_clk/A (sky130_fd_sc_hd__clkbuf_16)
    10    0.033745    0.040769    0.099120    0.277612 ^ clkbuf_2_1__f_clk/X (sky130_fd_sc_hd__clkbuf_16)
                                                         clknet_2_1__leaf_clk (net)
                      0.040835    0.001551    0.279163 ^ _327_/CLK (sky130_fd_sc_hd__dfrtp_4)
     2    0.040648    0.076955    0.338239    0.617401 v _327_/Q (sky130_fd_sc_hd__dfrtp_4)
                                                         uo_out[0] (net)
                      0.077021    0.002031    0.619432 v uo_out[0] (out)
                                              0.619432   data arrival time

                                 20.000000   20.000000   clock clk (rise edge)
                                  0.000000   20.000000   clock network delay (propagated)
                                 -0.250000   19.750002   clock uncertainty
                                  0.000000   19.750002   clock reconvergence pessimism
                                 -4.000000   15.750001   output external delay
                                             15.750001   data required time
---------------------------------------------------------------------------------------------
                                             15.750001   data required time
                                             -0.619432   data arrival time
---------------------------------------------------------------------------------------------
                                             15.130569   slack (MET)




===========================================================================
report_checks --slack_max -0.01
============================================================================
======================= max_ff_n40C_1v95 Corner ===================================

No paths found.


===========================================================================
 report_check_types -max_slew -max_cap -max_fanout -violators
============================================================================
======================= max_ff_n40C_1v95 Corner ===================================



===========================================================================
report_parasitic_annotation -report_unannotated
============================================================================
Found 34 unannotated drivers.
 ena
 ui_in[1]
 ui_in[2]
 ui_in[3]
 ui_in[4]
 ui_in[5]
 ui_in[6]
 ui_in[7]
 uio_in[0]
 uio_in[1]
 uio_in[2]
 uio_in[3]
 uio_in[4]
 uio_in[5]
 uio_in[6]
 uio_in[7]
 clkload0/Y
 clkload1/X
 clkload2/Y
 tt_um_alu7b_12/HI
 tt_um_alu7b_13/HI
 tt_um_alu7b_14/HI
 tt_um_alu7b_15/HI
 tt_um_alu7b_16/HI
 tt_um_alu7b_17/HI
 tt_um_alu7b_18/HI
 tt_um_alu7b_19/HI
 tt_um_alu7b_20/HI
 tt_um_alu7b_21/HI
 tt_um_alu7b_22/HI
 tt_um_alu7b_23/HI
 tt_um_alu7b_24/HI
 tt_um_alu7b_25/HI
 tt_um_alu7b_26/LO
Found 0 partially unannotated drivers.

===========================================================================
max slew violation count 0
max fanout violation count 0
max cap violation count 0
============================================================================

===========================================================================
check_setup -verbose -unconstrained_endpoints -multiple_clock -no_clock -no_input_delay -loops -generated_clocks
===========================================================================
Warning: There are 15 unconstrained endpoints.
  uio_oe[0]
  uio_oe[1]
  uio_oe[2]
  uio_oe[3]
  uio_oe[4]
  uio_oe[5]
  uio_oe[6]
  uio_oe[7]
  uio_out[1]
  uio_out[2]
  uio_out[3]
  uio_out[4]
  uio_out[5]
  uio_out[6]
  uio_out[7]
