[WARNING ORD-0039] .openroad ignored with -python
Unannotated report:
['report_parasitic_annotation -report_unannotated\n',
 '============================================================================\n',
 'Found 34 unannotated drivers.\n',
 ' ena\n',
 ' ui_in[1]\n',
 ' ui_in[2]\n',
 ' ui_in[3]\n',
 ' ui_in[4]\n',
 ' ui_in[5]\n',
 ' ui_in[6]\n',
 ' ui_in[7]\n',
 ' uio_in[0]\n',
 ' uio_in[1]\n',
 ' uio_in[2]\n',
 ' uio_in[3]\n',
 ' uio_in[4]\n',
 ' uio_in[5]\n',
 ' uio_in[6]\n',
 ' uio_in[7]\n',
 ' clkload0/Y\n',
 ' clkload1/X\n',
 ' clkload2/Y\n',
 ' tt_um_alu7b_12/HI\n',
 ' tt_um_alu7b_13/HI\n',
 ' tt_um_alu7b_14/HI\n',
 ' tt_um_alu7b_15/HI\n',
 ' tt_um_alu7b_16/HI\n',
 ' tt_um_alu7b_17/HI\n',
 ' tt_um_alu7b_18/HI\n',
 ' tt_um_alu7b_19/HI\n',
 ' tt_um_alu7b_20/HI\n',
 ' tt_um_alu7b_21/HI\n',
 ' tt_um_alu7b_22/HI\n',
 ' tt_um_alu7b_23/HI\n',
 ' tt_um_alu7b_24/HI\n',
 ' tt_um_alu7b_25/HI\n',
 ' tt_um_alu7b_26/LO\n',
 'Found 0 partially unannotated drivers.\n',
 '\n']
Reported nets:
['ena',
 'ui_in[1]',
 'ui_in[2]',
 'ui_in[3]',
 'ui_in[4]',
 'ui_in[5]',
 'ui_in[6]',
 'ui_in[7]',
 'uio_in[0]',
 'uio_in[1]',
 'uio_in[2]',
 'uio_in[3]',
 'uio_in[4]',
 'uio_in[5]',
 'uio_in[6]',
 'uio_in[7]',
 'clkload0/Y',
 'clkload1/X',
 'clkload2/Y',
 'tt_um_alu7b_12/HI',
 'tt_um_alu7b_13/HI',
 'tt_um_alu7b_14/HI',
 'tt_um_alu7b_15/HI',
 'tt_um_alu7b_16/HI',
 'tt_um_alu7b_17/HI',
 'tt_um_alu7b_18/HI',
 'tt_um_alu7b_19/HI',
 'tt_um_alu7b_20/HI',
 'tt_um_alu7b_21/HI',
 'tt_um_alu7b_22/HI',
 'tt_um_alu7b_23/HI',
 'tt_um_alu7b_24/HI',
 'tt_um_alu7b_25/HI',
 'tt_um_alu7b_26/LO']
Filtered nets:
[]
done
