                                                                       Cells by Function                                                                        
┏━━━━━━━━━━━━━━━━━━━━━━━━━━━━━━━━━━━━━━━━━━━━━━━━━━━━━━━━━━━━━━━━━━━━━━━━━━━━━━━━━━━━━━━━━━━━━━━━━━━━━━━━━━━━━━━━━━━━━━━━━━━━━━━━┳━━━━━━━━━━━━━━━━━━━━━━━━━━━━━┓
┃ Cell Function                                                                                                                  ┃ Count                       ┃
┡━━━━━━━━━━━━━━━━━━━━━━━━━━━━━━━━━━━━━━━━━━━━━━━━━━━━━━━━━━━━━━━━━━━━━━━━━━━━━━━━━━━━━━━━━━━━━━━━━━━━━━━━━━━━━━━━━━━━━━━━━━━━━━━━╇━━━━━━━━━━━━━━━━━━━━━━━━━━━━━┩
│ sky130_fd_sc_hd__a211o                                                                                                         │ 1                           │
│ sky130_fd_sc_hd__a211oi                                                                                                        │ 1                           │
│ sky130_fd_sc_hd__a21o                                                                                                          │ 2                           │
│ sky130_fd_sc_hd__a21oi                                                                                                         │ 5                           │
│ sky130_fd_sc_hd__a221o                                                                                                         │ 1                           │
│ sky130_fd_sc_hd__a22o                                                                                                          │ 1                           │
│ sky130_fd_sc_hd__a2bb2o                                                                                                        │ 2                           │
│ sky130_fd_sc_hd__a311o                                                                                                         │ 2                           │
│ sky130_fd_sc_hd__a31o                                                                                                          │ 9                           │
│ sky130_fd_sc_hd__a32o                                                                                                          │ 5                           │
│ sky130_fd_sc_hd__and2                                                                                                          │ 6                           │
│ sky130_fd_sc_hd__and2b                                                                                                         │ 1                           │
│ sky130_fd_sc_hd__and3                                                                                                          │ 5                           │
│ sky130_fd_sc_hd__buf                                                                                                           │ 6                           │
│ sky130_fd_sc_hd__bufinv                                                                                                        │ 1                           │
│ sky130_fd_sc_hd__clkbuf                                                                                                        │ 12                          │
│ sky130_fd_sc_hd__clkinv                                                                                                        │ 1                           │
│ sky130_fd_sc_hd__conb                                                                                                          │ 15                          │
│ sky130_fd_sc_hd__decap                                                                                                         │ 3011                        │
│ sky130_fd_sc_hd__dfrtp                                                                                                         │ 31                          │
│ sky130_fd_sc_hd__dlygate4sd3                                                                                                   │ 2                           │
│ sky130_fd_sc_hd__fill                                                                                                          │ 249                         │
│ sky130_fd_sc_hd__inv                                                                                                           │ 8                           │
│ sky130_fd_sc_hd__mux2                                                                                                          │ 15                          │
│ sky130_fd_sc_hd__nand2                                                                                                         │ 8                           │
│ sky130_fd_sc_hd__nand2b                                                                                                        │ 3                           │
│ sky130_fd_sc_hd__nand3                                                                                                         │ 4                           │
│ sky130_fd_sc_hd__nor2                                                                                                          │ 11                          │
│ sky130_fd_sc_hd__nor3                                                                                                          │ 4                           │
│ sky130_fd_sc_hd__o211a                                                                                                         │ 4                           │
│ sky130_fd_sc_hd__o21a                                                                                                          │ 6                           │
│ sky130_fd_sc_hd__o21ai                                                                                                         │ 7                           │
│ sky130_fd_sc_hd__o21ba                                                                                                         │ 1                           │
│ sky130_fd_sc_hd__o22a                                                                                                          │ 1                           │
│ sky130_fd_sc_hd__o2bb2a                                                                                                        │ 3                           │
│ sky130_fd_sc_hd__o311a                                                                                                         │ 2                           │
│ sky130_fd_sc_hd__o311ai                                                                                                        │ 1                           │
│ sky130_fd_sc_hd__o31a                                                                                                          │ 2                           │
│ sky130_fd_sc_hd__or2                                                                                                           │ 10                          │
│ sky130_fd_sc_hd__or3                                                                                                           │ 7                           │
│ sky130_fd_sc_hd__or3b                                                                                                          │ 4                           │
│ sky130_fd_sc_hd__or4                                                                                                           │ 5                           │
│ sky130_fd_sc_hd__or4bb                                                                                                         │ 1                           │
│ sky130_fd_sc_hd__tapvpwrvgnd                                                                                                   │ 198                         │
│ sky130_fd_sc_hd__xnor2                                                                                                         │ 4                           │
│ sky130_fd_sc_hd__xor2                                                                                                          │ 3                           │
└────────────────────────────────────────────────────────────────────────────────────────────────────────────────────────────────┴─────────────────────────────┘
