Clock: clk
Sources: clk 
Generated: no
Virtual: yes
Propagated: no
Period: 20.000000

===========================================================================
report_clock_properties
============================================================================
Clock                   Period          Waveform
----------------------------------------------------
clk                  20.000000    0.000000 10.000000

===========================================================================
report_clock_latency
============================================================================
Clock clk
rise -> rise
    min     max
0.000000 0.000000 source latency
0.267426         network latency _339_/CLK
        0.268967 network latency _340_/CLK
---------------
0.267426 0.268967 latency
        0.001541 skew

fall -> fall
    min     max
0.000000 0.000000 source latency
0.129829         network latency _339_/CLK
        0.131281 network latency _340_/CLK
---------------
0.129829 0.131281 latency
        0.001451 skew



===========================================================================
report_clock_min_period
============================================================================
clk period_min = 4.17 fmax = 239.72
