
===========================================================================
report_checks -unconstrained
===========================================================================
======================= max_tt_025C_1v80 Corner ===================================

Startpoint: rst_n (input port clocked by clk)
Endpoint: _325_ (recovery check against rising-edge clock clk)
Path Group: asynchronous
Path Type: max

Fanout         Cap        Slew       Delay        Time   Description
---------------------------------------------------------------------------------------------
                                  0.000000    0.000000   clock clk (rise edge)
                                  0.000000    0.000000   clock network delay (propagated)
                                  4.000000    4.000000 ^ input external delay
     1    0.002686    0.019240    0.009960    4.009960 ^ rst_n (in)
                                                         rst_n (net)
                      0.019241    0.000000    4.009960 ^ input1/A (sky130_fd_sc_hd__clkbuf_1)
     1    0.002726    0.043223    0.070979    4.080938 ^ input1/X (sky130_fd_sc_hd__clkbuf_1)
                                                         net1 (net)
                      0.043223    0.000186    4.081124 ^ fanout11/A (sky130_fd_sc_hd__buf_2)
     7    0.038633    0.190401    0.211135    4.292259 ^ fanout11/X (sky130_fd_sc_hd__buf_2)
                                                         net11 (net)
                      0.190427    0.001838    4.294097 ^ fanout8/A (sky130_fd_sc_hd__clkbuf_4)
    10    0.056797    0.175255    0.279198    4.573295 ^ fanout8/X (sky130_fd_sc_hd__clkbuf_4)
                                                         net8 (net)
                      0.175823    0.008102    4.581397 ^ _325_/RESET_B (sky130_fd_sc_hd__dfrtp_4)
                                              4.581397   data arrival time

                                 20.000000   20.000000   clock clk (rise edge)
                                  0.000000   20.000000   clock source latency
     1    0.024423    0.115540    0.080055   20.080055 ^ clk (in)
                                                         clk (net)
                      0.115576    0.000000   20.080055 ^ clkbuf_0_clk/A (sky130_fd_sc_hd__clkbuf_16)
     4    0.048000    0.067130    0.172520   20.252575 ^ clkbuf_0_clk/X (sky130_fd_sc_hd__clkbuf_16)
                                                         clknet_0_clk (net)
                      0.067379    0.002833   20.255409 ^ clkbuf_2_1__f_clk/A (sky130_fd_sc_hd__clkbuf_16)
    10    0.032938    0.053550    0.144450   20.399858 ^ clkbuf_2_1__f_clk/X (sky130_fd_sc_hd__clkbuf_16)
                                                         clknet_2_1__leaf_clk (net)
                      0.053580    0.001338   20.401196 ^ _325_/CLK (sky130_fd_sc_hd__dfrtp_4)
                                 -0.250000   20.151197   clock uncertainty
                                  0.000000   20.151197   clock reconvergence pessimism
                                  0.177557   20.328754   library recovery time
                                             20.328754   data required time
---------------------------------------------------------------------------------------------
                                             20.328754   data required time
                                             -4.581397   data arrival time
---------------------------------------------------------------------------------------------
                                             15.747357   slack (MET)


Startpoint: _327_ (rising edge-triggered flip-flop clocked by clk)
Endpoint: uo_out[0] (output port clocked by clk)
Path Group: clk
Path Type: max

Fanout         Cap        Slew       Delay        Time   Description
---------------------------------------------------------------------------------------------
                                  0.000000    0.000000   clock clk (rise edge)
                                  0.000000    0.000000   clock source latency
     1    0.024423    0.115540    0.080055    0.080055 ^ clk (in)
                                                         clk (net)
                      0.115576    0.000000    0.080055 ^ clkbuf_0_clk/A (sky130_fd_sc_hd__clkbuf_16)
     4    0.048000    0.067130    0.172520    0.252575 ^ clkbuf_0_clk/X (sky130_fd_sc_hd__clkbuf_16)
                                                         clknet_0_clk (net)
                      0.067379    0.002834    0.255409 ^ clkbuf_2_1__f_clk/A (sky130_fd_sc_hd__clkbuf_16)
    10    0.032938    0.053550    0.144449    0.399858 ^ clkbuf_2_1__f_clk/X (sky130_fd_sc_hd__clkbuf_16)
                                                         clknet_2_1__leaf_clk (net)
                      0.053593    0.001511    0.401369 ^ _327_/CLK (sky130_fd_sc_hd__dfrtp_4)
     2    0.040643    0.107794    0.536204    0.937573 v _327_/Q (sky130_fd_sc_hd__dfrtp_4)
                                                         uo_out[0] (net)
                      0.107837    0.002032    0.939605 v uo_out[0] (out)
                                              0.939605   data arrival time

                                 20.000000   20.000000   clock clk (rise edge)
                                  0.000000   20.000000   clock network delay (propagated)
                                 -0.250000   19.750002   clock uncertainty
                                  0.000000   19.750002   clock reconvergence pessimism
                                 -4.000000   15.750001   output external delay
                                             15.750001   data required time
---------------------------------------------------------------------------------------------
                                             15.750001   data required time
                                             -0.939605   data arrival time
---------------------------------------------------------------------------------------------
                                             14.810395   slack (MET)




===========================================================================
report_checks --slack_max -0.01
============================================================================
======================= max_tt_025C_1v80 Corner ===================================

No paths found.


===========================================================================
 report_check_types -max_slew -max_cap -max_fanout -violators
============================================================================
======================= max_tt_025C_1v80 Corner ===================================



===========================================================================
report_parasitic_annotation -report_unannotated
============================================================================
Found 34 unannotated drivers.
 ena
 ui_in[1]
 ui_in[2]
 ui_in[3]
 ui_in[4]
 ui_in[5]
 ui_in[6]
 ui_in[7]
 uio_in[0]
 uio_in[1]
 uio_in[2]
 uio_in[3]
 uio_in[4]
 uio_in[5]
 uio_in[6]
 uio_in[7]
 clkload0/Y
 clkload1/X
 clkload2/Y
 tt_um_alu7b_12/HI
 tt_um_alu7b_13/HI
 tt_um_alu7b_14/HI
 tt_um_alu7b_15/HI
 tt_um_alu7b_16/HI
 tt_um_alu7b_17/HI
 tt_um_alu7b_18/HI
 tt_um_alu7b_19/HI
 tt_um_alu7b_20/HI
 tt_um_alu7b_21/HI
 tt_um_alu7b_22/HI
 tt_um_alu7b_23/HI
 tt_um_alu7b_24/HI
 tt_um_alu7b_25/HI
 tt_um_alu7b_26/LO
Found 0 partially unannotated drivers.

===========================================================================
max slew violation count 0
max fanout violation count 0
max cap violation count 0
============================================================================

===========================================================================
check_setup -verbose -unconstrained_endpoints -multiple_clock -no_clock -no_input_delay -loops -generated_clocks
===========================================================================
Warning: There are 15 unconstrained endpoints.
  uio_oe[0]
  uio_oe[1]
  uio_oe[2]
  uio_oe[3]
  uio_oe[4]
  uio_oe[5]
  uio_oe[6]
  uio_oe[7]
  uio_out[1]
  uio_out[2]
  uio_out[3]
  uio_out[4]
  uio_out[5]
  uio_out[6]
  uio_out[7]
